0 info it worked if it ends with ok
1 verbose cli [ 'C:\\Program Files\\nodejs\\node.exe',
1 verbose cli   'C:\\Program Files\\nodejs\\node_modules\\npm\\bin\\npm-cli.js',
1 verbose cli   'install',
1 verbose cli   'iconv',
1 verbose cli   '--save' ]
2 info using npm@3.10.10
3 info using node@v6.9.5
4 silly loadCurrentTree Starting
5 silly install loadCurrentTree
6 silly install readLocalPackageData
7 silly fetchPackageMetaData iconv
8 silly fetchNamedPackageData iconv
9 silly mapToRegistry name iconv
10 silly mapToRegistry using default registry
11 silly mapToRegistry registry https://registry.npmjs.org/
12 silly mapToRegistry data Result {
12 silly mapToRegistry   raw: 'iconv',
12 silly mapToRegistry   scope: null,
12 silly mapToRegistry   escapedName: 'iconv',
12 silly mapToRegistry   name: 'iconv',
12 silly mapToRegistry   rawSpec: '',
12 silly mapToRegistry   spec: 'latest',
12 silly mapToRegistry   type: 'tag' }
13 silly mapToRegistry uri https://registry.npmjs.org/iconv
14 verbose request uri https://registry.npmjs.org/iconv
15 verbose request no auth needed
16 info attempt registry request try #1 at 2:35:52 PM
17 verbose request id 92ff40bc6ea9a2d5
18 verbose etag W/"58e40016-9c4d"
19 verbose lastModified Tue, 04 Apr 2017 20:20:38 GMT
20 http request GET https://registry.npmjs.org/iconv
21 http 304 https://registry.npmjs.org/iconv
22 verbose headers { date: 'Sat, 29 Apr 2017 11:35:51 GMT',
22 verbose headers   via: '1.1 varnish',
22 verbose headers   'cache-control': 'max-age=300',
22 verbose headers   etag: 'W/"58e40016-9c4d"',
22 verbose headers   age: '150',
22 verbose headers   connection: 'keep-alive',
22 verbose headers   'x-served-by': 'cache-hhn1528-HHN',
22 verbose headers   'x-cache': 'HIT',
22 verbose headers   'x-cache-hits': '1',
22 verbose headers   'x-timer': 'S1493465752.989732,VS0,VE1',
22 verbose headers   vary: 'Accept-Encoding' }
23 silly get cb [ 304,
23 silly get   { date: 'Sat, 29 Apr 2017 11:35:51 GMT',
23 silly get     via: '1.1 varnish',
23 silly get     'cache-control': 'max-age=300',
23 silly get     etag: 'W/"58e40016-9c4d"',
23 silly get     age: '150',
23 silly get     connection: 'keep-alive',
23 silly get     'x-served-by': 'cache-hhn1528-HHN',
23 silly get     'x-cache': 'HIT',
23 silly get     'x-cache-hits': '1',
23 silly get     'x-timer': 'S1493465752.989732,VS0,VE1',
23 silly get     vary: 'Accept-Encoding' } ]
24 verbose etag https://registry.npmjs.org/iconv from cache
25 verbose get saving iconv to C:\Users\Ayyavazhi\AppData\Roaming\npm-cache\registry.npmjs.org\iconv\.cache.json
26 verbose correctMkdir C:\Users\Ayyavazhi\AppData\Roaming\npm-cache correctMkdir not in flight; initializing
27 silly install normalizeTree
28 silly loadCurrentTree Finishing
29 silly loadIdealTree Starting
30 silly install loadIdealTree
31 silly cloneCurrentTree Starting
32 silly install cloneCurrentTreeToIdealTree
33 silly cloneCurrentTree Finishing
34 silly loadShrinkwrap Starting
35 silly install loadShrinkwrap
36 silly loadShrinkwrap Finishing
37 silly loadAllDepsIntoIdealTree Starting
38 silly install loadAllDepsIntoIdealTree
39 silly resolveWithNewModule iconv@2.2.3 checking installable status
40 silly cache add args [ 'iconv', null ]
41 verbose cache add spec iconv
42 silly cache add parsed spec Result {
42 silly cache add   raw: 'iconv',
42 silly cache add   scope: null,
42 silly cache add   escapedName: 'iconv',
42 silly cache add   name: 'iconv',
42 silly cache add   rawSpec: '',
42 silly cache add   spec: 'latest',
42 silly cache add   type: 'tag' }
43 silly addNamed iconv@latest
44 verbose addNamed "latest" is being treated as a dist-tag for iconv
45 info addNameTag [ 'iconv', 'latest' ]
46 silly mapToRegistry name iconv
47 silly mapToRegistry using default registry
48 silly mapToRegistry registry https://registry.npmjs.org/
49 silly mapToRegistry data Result {
49 silly mapToRegistry   raw: 'iconv',
49 silly mapToRegistry   scope: null,
49 silly mapToRegistry   escapedName: 'iconv',
49 silly mapToRegistry   name: 'iconv',
49 silly mapToRegistry   rawSpec: '',
49 silly mapToRegistry   spec: 'latest',
49 silly mapToRegistry   type: 'tag' }
50 silly mapToRegistry uri https://registry.npmjs.org/iconv
51 verbose addNameTag registry:https://registry.npmjs.org/iconv not in flight; fetching
52 verbose get https://registry.npmjs.org/iconv not expired, no request
53 silly addNameTag next cb for iconv with tag latest
54 silly addNamed iconv@2.2.3
55 verbose addNamed "2.2.3" is a plain semver version for iconv
56 silly cache afterAdd iconv@2.2.3
57 verbose afterAdd C:\Users\Ayyavazhi\AppData\Roaming\npm-cache\iconv\2.2.3\package\package.json not in flight; writing
58 verbose correctMkdir C:\Users\Ayyavazhi\AppData\Roaming\npm-cache correctMkdir not in flight; initializing
59 verbose afterAdd C:\Users\Ayyavazhi\AppData\Roaming\npm-cache\iconv\2.2.3\package\package.json written
60 silly fetchNamedPackageData nan
61 silly mapToRegistry name nan
62 silly mapToRegistry using default registry
63 silly mapToRegistry registry https://registry.npmjs.org/
64 silly mapToRegistry data Result {
64 silly mapToRegistry   raw: 'nan',
64 silly mapToRegistry   scope: null,
64 silly mapToRegistry   escapedName: 'nan',
64 silly mapToRegistry   name: 'nan',
64 silly mapToRegistry   rawSpec: '',
64 silly mapToRegistry   spec: 'latest',
64 silly mapToRegistry   type: 'tag' }
65 silly mapToRegistry uri https://registry.npmjs.org/nan
66 verbose request uri https://registry.npmjs.org/nan
67 verbose request no auth needed
68 info attempt registry request try #1 at 2:35:53 PM
69 verbose etag W/"58ee904e-1f9bf"
70 verbose lastModified Wed, 12 Apr 2017 20:38:38 GMT
71 http request GET https://registry.npmjs.org/nan
72 http 304 https://registry.npmjs.org/nan
73 verbose headers { date: 'Sat, 29 Apr 2017 11:35:52 GMT',
73 verbose headers   via: '1.1 varnish',
73 verbose headers   'cache-control': 'max-age=300',
73 verbose headers   etag: 'W/"58ee904e-1f9bf"',
73 verbose headers   age: '163',
73 verbose headers   connection: 'keep-alive',
73 verbose headers   'x-served-by': 'cache-hhn1528-HHN',
73 verbose headers   'x-cache': 'HIT',
73 verbose headers   'x-cache-hits': '3',
73 verbose headers   'x-timer': 'S1493465752.432785,VS0,VE0',
73 verbose headers   vary: 'Accept-Encoding' }
74 silly get cb [ 304,
74 silly get   { date: 'Sat, 29 Apr 2017 11:35:52 GMT',
74 silly get     via: '1.1 varnish',
74 silly get     'cache-control': 'max-age=300',
74 silly get     etag: 'W/"58ee904e-1f9bf"',
74 silly get     age: '163',
74 silly get     connection: 'keep-alive',
74 silly get     'x-served-by': 'cache-hhn1528-HHN',
74 silly get     'x-cache': 'HIT',
74 silly get     'x-cache-hits': '3',
74 silly get     'x-timer': 'S1493465752.432785,VS0,VE0',
74 silly get     vary: 'Accept-Encoding' } ]
75 verbose etag https://registry.npmjs.org/nan from cache
76 verbose get saving nan to C:\Users\Ayyavazhi\AppData\Roaming\npm-cache\registry.npmjs.org\nan\.cache.json
77 verbose correctMkdir C:\Users\Ayyavazhi\AppData\Roaming\npm-cache correctMkdir not in flight; initializing
78 silly resolveWithNewModule nan@2.6.2 checking installable status
79 silly cache add args [ 'nan@^2.3.5', null ]
80 verbose cache add spec nan@^2.3.5
81 silly cache add parsed spec Result {
81 silly cache add   raw: 'nan@^2.3.5',
81 silly cache add   scope: null,
81 silly cache add   escapedName: 'nan',
81 silly cache add   name: 'nan',
81 silly cache add   rawSpec: '^2.3.5',
81 silly cache add   spec: '>=2.3.5 <3.0.0',
81 silly cache add   type: 'range' }
82 silly addNamed nan@>=2.3.5 <3.0.0
83 verbose addNamed ">=2.3.5 <3.0.0" is a valid semver range for nan
84 silly addNameRange { name: 'nan', range: '>=2.3.5 <3.0.0', hasData: false }
85 silly mapToRegistry name nan
86 silly mapToRegistry using default registry
87 silly mapToRegistry registry https://registry.npmjs.org/
88 silly mapToRegistry data Result {
88 silly mapToRegistry   raw: 'nan',
88 silly mapToRegistry   scope: null,
88 silly mapToRegistry   escapedName: 'nan',
88 silly mapToRegistry   name: 'nan',
88 silly mapToRegistry   rawSpec: '',
88 silly mapToRegistry   spec: 'latest',
88 silly mapToRegistry   type: 'tag' }
89 silly mapToRegistry uri https://registry.npmjs.org/nan
90 verbose addNameRange registry:https://registry.npmjs.org/nan not in flight; fetching
91 verbose get https://registry.npmjs.org/nan not expired, no request
92 silly addNameRange number 2 { name: 'nan', range: '>=2.3.5 <3.0.0', hasData: true }
93 silly addNameRange versions [ 'nan',
93 silly addNameRange   [ '0.3.0-wip',
93 silly addNameRange     '0.3.0-wip2',
93 silly addNameRange     '0.3.0',
93 silly addNameRange     '0.3.1',
93 silly addNameRange     '0.3.2',
93 silly addNameRange     '0.4.0',
93 silly addNameRange     '0.4.1',
93 silly addNameRange     '0.4.2',
93 silly addNameRange     '0.4.3',
93 silly addNameRange     '0.4.4',
93 silly addNameRange     '0.5.0',
93 silly addNameRange     '0.5.1',
93 silly addNameRange     '0.5.2',
93 silly addNameRange     '0.6.0',
93 silly addNameRange     '0.7.0',
93 silly addNameRange     '0.7.1',
93 silly addNameRange     '0.8.0',
93 silly addNameRange     '1.0.0',
93 silly addNameRange     '1.1.0',
93 silly addNameRange     '1.1.1',
93 silly addNameRange     '1.1.2',
93 silly addNameRange     '1.2.0',
93 silly addNameRange     '1.3.0',
93 silly addNameRange     '1.4.0',
93 silly addNameRange     '1.4.1',
93 silly addNameRange     '1.5.0',
93 silly addNameRange     '1.4.2',
93 silly addNameRange     '1.4.3',
93 silly addNameRange     '1.5.1',
93 silly addNameRange     '1.5.2',
93 silly addNameRange     '1.6.0',
93 silly addNameRange     '1.5.3',
93 silly addNameRange     '1.6.1',
93 silly addNameRange     '1.6.2',
93 silly addNameRange     '1.7.0',
93 silly addNameRange     '1.8.0',
93 silly addNameRange     '1.8.1',
93 silly addNameRange     '1.8.2',
93 silly addNameRange     '1.8.3',
93 silly addNameRange     '1.8.4',
93 silly addNameRange     '1.9.0',
93 silly addNameRange     '2.0.0',
93 silly addNameRange     '2.0.1',
93 silly addNameRange     '2.0.2',
93 silly addNameRange     '2.0.3',
93 silly addNameRange     '2.0.4',
93 silly addNameRange     '2.0.5',
93 silly addNameRange     '2.0.6',
93 silly addNameRange     '2.0.7',
93 silly addNameRange     '2.0.8',
93 silly addNameRange     '2.0.9',
93 silly addNameRange     '2.1.0',
93 silly addNameRange     '2.2.0',
93 silly addNameRange     '2.2.1',
93 silly addNameRange     '2.3.0',
93 silly addNameRange     '2.3.1',
93 silly addNameRange     '2.3.2',
93 silly addNameRange     '2.3.3',
93 silly addNameRange     '2.3.4',
93 silly addNameRange     '2.3.5',
93 silly addNameRange     '2.4.0',
93 silly addNameRange     '2.5.0',
93 silly addNameRange     '2.5.1',
93 silly addNameRange     '2.6.0',
93 silly addNameRange     '2.6.1',
93 silly addNameRange     '2.6.2' ] ]
94 silly addNamed nan@2.6.2
95 verbose addNamed "2.6.2" is a plain semver version for nan
96 silly cache afterAdd nan@2.6.2
97 verbose afterAdd C:\Users\Ayyavazhi\AppData\Roaming\npm-cache\nan\2.6.2\package\package.json not in flight; writing
98 verbose correctMkdir C:\Users\Ayyavazhi\AppData\Roaming\npm-cache correctMkdir not in flight; initializing
99 verbose afterAdd C:\Users\Ayyavazhi\AppData\Roaming\npm-cache\nan\2.6.2\package\package.json written
100 silly fetchNamedPackageData fsevents
101 silly mapToRegistry name fsevents
102 silly mapToRegistry using default registry
103 silly mapToRegistry registry https://registry.npmjs.org/
104 silly mapToRegistry data Result {
104 silly mapToRegistry   raw: 'fsevents',
104 silly mapToRegistry   scope: null,
104 silly mapToRegistry   escapedName: 'fsevents',
104 silly mapToRegistry   name: 'fsevents',
104 silly mapToRegistry   rawSpec: '',
104 silly mapToRegistry   spec: 'latest',
104 silly mapToRegistry   type: 'tag' }
105 silly mapToRegistry uri https://registry.npmjs.org/fsevents
106 verbose request uri https://registry.npmjs.org/fsevents
107 verbose request no auth needed
108 info attempt registry request try #1 at 2:35:53 PM
109 verbose etag W/"58cbe1d5-d5e6"
110 verbose lastModified Fri, 17 Mar 2017 13:17:09 GMT
111 http request GET https://registry.npmjs.org/fsevents
112 http 304 https://registry.npmjs.org/fsevents
113 verbose headers { date: 'Sat, 29 Apr 2017 11:35:52 GMT',
113 verbose headers   via: '1.1 varnish',
113 verbose headers   'cache-control': 'max-age=300',
113 verbose headers   etag: 'W/"58cbe1d5-d5e6"',
113 verbose headers   age: '162',
113 verbose headers   connection: 'keep-alive',
113 verbose headers   'x-served-by': 'cache-hhn1528-HHN',
113 verbose headers   'x-cache': 'HIT',
113 verbose headers   'x-cache-hits': '4',
113 verbose headers   'x-timer': 'S1493465753.826963,VS0,VE0',
113 verbose headers   vary: 'Accept-Encoding' }
114 silly get cb [ 304,
114 silly get   { date: 'Sat, 29 Apr 2017 11:35:52 GMT',
114 silly get     via: '1.1 varnish',
114 silly get     'cache-control': 'max-age=300',
114 silly get     etag: 'W/"58cbe1d5-d5e6"',
114 silly get     age: '162',
114 silly get     connection: 'keep-alive',
114 silly get     'x-served-by': 'cache-hhn1528-HHN',
114 silly get     'x-cache': 'HIT',
114 silly get     'x-cache-hits': '4',
114 silly get     'x-timer': 'S1493465753.826963,VS0,VE0',
114 silly get     vary: 'Accept-Encoding' } ]
115 verbose etag https://registry.npmjs.org/fsevents from cache
116 verbose get saving fsevents to C:\Users\Ayyavazhi\AppData\Roaming\npm-cache\registry.npmjs.org\fsevents\.cache.json
117 verbose correctMkdir C:\Users\Ayyavazhi\AppData\Roaming\npm-cache correctMkdir not in flight; initializing
118 silly resolveWithNewModule fsevents@1.1.1 checking installable status
119 silly loadAllDepsIntoIdealTree Finishing
120 silly loadIdealTree Finishing
121 silly currentTree brum4ismen@0.0.0
121 silly currentTree +-- abbrev@1.1.0
121 silly currentTree +-- accepts@1.3.3
121 silly currentTree +-- acorn-globals@3.1.0
121 silly currentTree | `-- acorn@4.0.11
121 silly currentTree +-- acorn@3.3.0
121 silly currentTree +-- ajv@4.11.7
121 silly currentTree +-- align-text@0.1.4
121 silly currentTree +-- amdefine@1.0.1
121 silly currentTree +-- ansi-regex@2.1.1
121 silly currentTree +-- ansi-styles@2.2.1
121 silly currentTree +-- anymatch@1.3.0
121 silly currentTree +-- append-field@0.1.0
121 silly currentTree +-- arr-diff@2.0.0
121 silly currentTree +-- arr-flatten@1.0.3
121 silly currentTree +-- array-flatten@1.1.1
121 silly currentTree +-- array-unique@0.2.1
121 silly currentTree +-- arrify@1.0.1
121 silly currentTree +-- asap@2.0.5
121 silly currentTree +-- asn1@0.2.3
121 silly currentTree +-- assert-plus@0.2.0
121 silly currentTree +-- async-each@1.0.1
121 silly currentTree +-- async@1.5.2
121 silly currentTree +-- asynckit@0.4.0
121 silly currentTree +-- aws-sign2@0.6.0
121 silly currentTree +-- aws4@1.6.0
121 silly currentTree +-- balanced-match@0.4.2
121 silly currentTree +-- base64url@2.0.0
121 silly currentTree +-- basic-auth@1.1.0
121 silly currentTree +-- bcrypt-pbkdf@1.0.1
121 silly currentTree +-- binary-extensions@1.8.0
121 silly currentTree +-- bluebird@2.10.2
121 silly currentTree +-- body-parser@1.17.1
121 silly currentTree | `-- debug@2.6.1
121 silly currentTree +-- boom@2.10.1
121 silly currentTree +-- brace-expansion@1.1.7
121 silly currentTree +-- braces@1.8.5
121 silly currentTree +-- bson@1.0.4
121 silly currentTree +-- buffer-equal-constant-time@1.0.1
121 silly currentTree +-- buffer-shims@1.0.0
121 silly currentTree +-- busboy@0.2.14
121 silly currentTree | +-- isarray@0.0.1
121 silly currentTree | +-- readable-stream@1.1.14
121 silly currentTree | `-- string_decoder@0.10.31
121 silly currentTree +-- bytes@2.4.0
121 silly currentTree +-- camelcase@1.2.1
121 silly currentTree +-- caseless@0.12.0
121 silly currentTree +-- center-align@0.1.3
121 silly currentTree +-- chalk@1.1.3
121 silly currentTree +-- character-parser@2.2.0
121 silly currentTree +-- chokidar@1.6.1
121 silly currentTree +-- clean-css@3.4.25
121 silly currentTree +-- cliui@2.1.0
121 silly currentTree | `-- wordwrap@0.0.2
121 silly currentTree +-- co@4.6.0
121 silly currentTree +-- colors@0.6.2
121 silly currentTree +-- combined-stream@1.0.5
121 silly currentTree +-- commander@2.8.1
121 silly currentTree +-- concat-map@0.0.1
121 silly currentTree +-- concat-stream@1.6.0
121 silly currentTree +-- configstore@1.4.0
121 silly currentTree +-- constantinople@3.1.0
121 silly currentTree +-- content-disposition@0.5.2
121 silly currentTree +-- content-type@1.0.2
121 silly currentTree +-- cookie-parser@1.4.3
121 silly currentTree +-- cookie-signature@1.0.6
121 silly currentTree +-- cookie@0.3.1
121 silly currentTree +-- core-util-is@1.0.2
121 silly currentTree +-- cors@2.8.3
121 silly currentTree +-- crc@3.4.4
121 silly currentTree +-- cryptiles@2.0.5
121 silly currentTree +-- dashdash@1.14.1
121 silly currentTree | `-- assert-plus@1.0.0
121 silly currentTree +-- debug@2.6.4
121 silly currentTree | `-- ms@0.7.3
121 silly currentTree +-- decamelize@1.2.0
121 silly currentTree +-- deep-extend@0.4.1
121 silly currentTree +-- delayed-stream@1.0.0
121 silly currentTree +-- depd@1.1.0
121 silly currentTree +-- destroy@1.0.4
121 silly currentTree +-- dicer@0.2.5
121 silly currentTree | +-- isarray@0.0.1
121 silly currentTree | +-- readable-stream@1.1.14
121 silly currentTree | `-- string_decoder@0.10.31
121 silly currentTree +-- doctypes@1.1.0
121 silly currentTree +-- duplexer@0.1.1
121 silly currentTree +-- duplexify@3.5.0
121 silly currentTree +-- ecc-jsbn@0.1.1
121 silly currentTree +-- ecdsa-sig-formatter@1.0.9
121 silly currentTree +-- ee-first@1.1.1
121 silly currentTree +-- encodeurl@1.0.1
121 silly currentTree +-- end-of-stream@1.0.0
121 silly currentTree +-- es6-promise@3.2.1
121 silly currentTree +-- escape-html@1.0.3
121 silly currentTree +-- escape-string-regexp@1.0.5
121 silly currentTree +-- etag@1.8.0
121 silly currentTree +-- event-stream@3.3.4
121 silly currentTree +-- expand-brackets@0.1.5
121 silly currentTree +-- expand-range@1.8.2
121 silly currentTree +-- express-session@1.15.2
121 silly currentTree | `-- debug@2.6.3
121 silly currentTree +-- express@4.15.2
121 silly currentTree | `-- debug@2.6.1
121 silly currentTree +-- extend@3.0.0
121 silly currentTree +-- extglob@0.3.2
121 silly currentTree +-- extsprintf@1.0.2
121 silly currentTree +-- filename-regex@2.0.0
121 silly currentTree +-- fill-range@2.2.3
121 silly currentTree +-- finalhandler@1.0.2
121 silly currentTree +-- flushwritable@1.0.0
121 silly currentTree +-- for-in@1.0.2
121 silly currentTree +-- for-own@0.1.5
121 silly currentTree +-- foreachasync@3.0.0
121 silly currentTree +-- forever-agent@0.6.1
121 silly currentTree +-- form-data@2.1.4
121 silly currentTree +-- forwarded@0.1.0
121 silly currentTree +-- fresh@0.5.0
121 silly currentTree +-- from@0.1.7
121 silly currentTree +-- function-bind@1.1.0
121 silly currentTree +-- getpass@0.1.6
121 silly currentTree | `-- assert-plus@1.0.0
121 silly currentTree +-- glob-base@0.3.0
121 silly currentTree +-- glob-parent@2.0.0
121 silly currentTree +-- got@3.3.1
121 silly currentTree | `-- object-assign@3.0.0
121 silly currentTree +-- graceful-fs@4.1.11
121 silly currentTree +-- graceful-readlink@1.0.1
121 silly currentTree +-- gridfs-stream@1.1.1
121 silly currentTree +-- gridfs@1.0.0
121 silly currentTree +-- handlebars@4.0.5
121 silly currentTree +-- har-schema@1.0.5
121 silly currentTree +-- har-validator@4.2.1
121 silly currentTree +-- has-ansi@2.0.0
121 silly currentTree +-- has@1.0.1
121 silly currentTree +-- hawk@3.1.3
121 silly currentTree +-- hbs@4.0.1
121 silly currentTree +-- hoek@2.16.3
121 silly currentTree +-- hooks-fixed@2.0.0
121 silly currentTree +-- http-errors@1.6.1
121 silly currentTree +-- http-signature@1.1.1
121 silly currentTree +-- http@0.0.0
121 silly currentTree +-- iconv-lite@0.4.15
121 silly currentTree +-- ignore-by-default@1.0.1
121 silly currentTree +-- imurmurhash@0.1.4
121 silly currentTree +-- infinity-agent@2.0.3
121 silly currentTree +-- inherits@2.0.3
121 silly currentTree +-- ini@1.3.4
121 silly currentTree +-- ipaddr.js@1.3.0
121 silly currentTree +-- is-binary-path@1.0.1
121 silly currentTree +-- is-buffer@1.1.5
121 silly currentTree +-- is-dotfile@1.0.2
121 silly currentTree +-- is-equal-shallow@0.1.3
121 silly currentTree +-- is-expression@2.1.0
121 silly currentTree +-- is-extendable@0.1.1
121 silly currentTree +-- is-extglob@1.0.0
121 silly currentTree +-- is-finite@1.0.2
121 silly currentTree +-- is-glob@2.0.1
121 silly currentTree +-- is-npm@1.0.0
121 silly currentTree +-- is-number@2.1.0
121 silly currentTree +-- is-posix-bracket@0.1.1
121 silly currentTree +-- is-primitive@2.0.0
121 silly currentTree +-- is-promise@2.1.0
121 silly currentTree +-- is-redirect@1.0.0
121 silly currentTree +-- is-regex@1.0.4
121 silly currentTree +-- is-stream@1.1.0
121 silly currentTree +-- is-typedarray@1.0.0
121 silly currentTree +-- isarray@1.0.0
121 silly currentTree +-- isemail@1.2.0
121 silly currentTree +-- isobject@2.1.0
121 silly currentTree +-- isstream@0.1.2
121 silly currentTree +-- jodid25519@1.0.2
121 silly currentTree +-- joi@6.10.1
121 silly currentTree +-- jquery@3.2.1
121 silly currentTree +-- js-stringify@1.0.2
121 silly currentTree +-- jsbn@0.1.1
121 silly currentTree +-- json-schema@0.2.3
121 silly currentTree +-- json-stable-stringify@1.0.1
121 silly currentTree +-- json-stringify-safe@5.0.1
121 silly currentTree +-- jsonify@0.0.0
121 silly currentTree +-- jsonwebtoken@7.3.0
121 silly currentTree +-- jsprim@1.4.0
121 silly currentTree | `-- assert-plus@1.0.0
121 silly currentTree +-- jstransformer@1.0.0
121 silly currentTree +-- jwa@1.1.5
121 silly currentTree +-- jws@3.1.4
121 silly currentTree +-- kareem@1.4.0
121 silly currentTree +-- kind-of@3.1.0
121 silly currentTree +-- latest-version@1.0.1
121 silly currentTree +-- lazy-cache@1.0.4
121 silly currentTree +-- lodash._baseassign@3.2.0
121 silly currentTree +-- lodash._basecopy@3.0.1
121 silly currentTree +-- lodash._bindcallback@3.0.1
121 silly currentTree +-- lodash._createassigner@3.1.1
121 silly currentTree +-- lodash._getnative@3.9.1
121 silly currentTree +-- lodash._isiterateecall@3.0.9
121 silly currentTree +-- lodash.assign@3.2.0
121 silly currentTree +-- lodash.defaults@3.1.2
121 silly currentTree +-- lodash.isarguments@3.1.0
121 silly currentTree +-- lodash.isarray@3.0.4
121 silly currentTree +-- lodash.keys@3.1.2
121 silly currentTree +-- lodash.once@4.1.1
121 silly currentTree +-- lodash.restparam@3.6.1
121 silly currentTree +-- lodash@4.17.4
121 silly currentTree +-- longest@1.0.1
121 silly currentTree +-- lowercase-keys@1.0.0
121 silly currentTree +-- map-stream@0.1.0
121 silly currentTree +-- media-typer@0.3.0
121 silly currentTree +-- merge-descriptors@1.0.1
121 silly currentTree +-- methods@1.1.2
121 silly currentTree +-- micromatch@2.3.11
121 silly currentTree +-- mime-db@1.27.0
121 silly currentTree +-- mime-types@2.1.15
121 silly currentTree +-- mime@1.3.4
121 silly currentTree +-- minimatch@3.0.3
121 silly currentTree +-- minimist@0.0.10
121 silly currentTree +-- mkdirp@0.5.1
121 silly currentTree | `-- minimist@0.0.8
121 silly currentTree +-- moment@2.18.1
121 silly currentTree +-- mongodb-core@2.1.10
121 silly currentTree +-- mongodb@2.2.26
121 silly currentTree +-- mongoose@4.9.6
121 silly currentTree | `-- async@2.1.4
121 silly currentTree +-- morgan@1.8.1
121 silly currentTree | `-- debug@2.6.1
121 silly currentTree +-- mpath@0.2.1
121 silly currentTree +-- mpromise@0.5.5
121 silly currentTree +-- mquery@2.3.0
121 silly currentTree | +-- debug@2.2.0
121 silly currentTree | +-- ms@0.7.1
121 silly currentTree | `-- sliced@0.0.5
121 silly currentTree +-- ms@0.7.2
121 silly currentTree +-- multer@1.3.0
121 silly currentTree | `-- object-assign@3.0.0
121 silly currentTree +-- muri@1.2.1
121 silly currentTree +-- negotiator@0.6.1
121 silly currentTree +-- nested-error-stacks@1.0.2
121 silly currentTree +-- nodemon@1.11.0
121 silly currentTree +-- nopt@1.0.10
121 silly currentTree +-- normalize-path@2.1.1
121 silly currentTree +-- number-is-nan@1.0.1
121 silly currentTree +-- oauth-sign@0.8.2
121 silly currentTree +-- object-assign@4.1.1
121 silly currentTree +-- object.omit@2.0.1
121 silly currentTree +-- on-finished@2.3.0
121 silly currentTree +-- on-headers@1.0.1
121 silly currentTree +-- once@1.3.3
121 silly currentTree +-- optimist@0.6.1
121 silly currentTree +-- os-homedir@1.0.2
121 silly currentTree +-- os-tmpdir@1.0.2
121 silly currentTree +-- osenv@0.1.4
121 silly currentTree +-- package-json@1.2.0
121 silly currentTree +-- parse-glob@3.0.4
121 silly currentTree +-- parseurl@1.3.1
121 silly currentTree +-- passport-jwt@2.2.1
121 silly currentTree +-- passport-local@1.0.0
121 silly currentTree +-- passport-strategy@1.0.0
121 silly currentTree +-- passport@0.3.2
121 silly currentTree +-- path-is-absolute@1.0.1
121 silly currentTree +-- path-parse@1.0.5
121 silly currentTree +-- path-to-regexp@0.1.7
121 silly currentTree +-- pause-stream@0.0.11
121 silly currentTree +-- pause@0.0.1
121 silly currentTree +-- performance-now@0.2.0
121 silly currentTree +-- pinkie-promise@2.0.1
121 silly currentTree +-- pinkie@2.0.4
121 silly currentTree +-- prepend-http@1.0.4
121 silly currentTree +-- preserve@0.2.0
121 silly currentTree +-- process-nextick-args@1.0.7
121 silly currentTree +-- promise-object@0.1.7
121 silly currentTree +-- promise@7.1.1
121 silly currentTree +-- proxy-addr@1.1.4
121 silly currentTree +-- ps-tree@1.1.0
121 silly currentTree +-- pug-attrs@2.0.2
121 silly currentTree +-- pug-code-gen@1.1.1
121 silly currentTree +-- pug-error@1.3.2
121 silly currentTree +-- pug-filters@2.1.2
121 silly currentTree +-- pug-lexer@3.1.0
121 silly currentTree | +-- acorn@4.0.11
121 silly currentTree | `-- is-expression@3.0.0
121 silly currentTree +-- pug-linker@2.0.3
121 silly currentTree +-- pug-load@2.0.6
121 silly currentTree +-- pug-parser@2.0.2
121 silly currentTree +-- pug-runtime@2.0.3
121 silly currentTree +-- pug-strip-comments@1.0.2
121 silly currentTree +-- pug-walk@1.1.2
121 silly currentTree +-- pug@2.0.0-beta.12
121 silly currentTree +-- punycode@1.4.1
121 silly currentTree +-- qs@6.4.0
121 silly currentTree +-- random-bytes@1.0.0
121 silly currentTree +-- randomatic@1.1.6
121 silly currentTree +-- range-parser@1.2.0
121 silly currentTree +-- raw-body@2.2.0
121 silly currentTree +-- rc@1.2.1
121 silly currentTree | `-- minimist@1.2.0
121 silly currentTree +-- read-all-stream@3.1.0
121 silly currentTree +-- readable-stream@2.2.7
121 silly currentTree +-- readdirp@2.1.0
121 silly currentTree +-- regex-cache@0.4.3
121 silly currentTree +-- regexp-clone@0.0.1
121 silly currentTree +-- registry-url@3.1.0
121 silly currentTree +-- remove-trailing-separator@1.0.1
121 silly currentTree +-- repeat-element@1.1.2
121 silly currentTree +-- repeat-string@1.6.1
121 silly currentTree +-- repeating@1.1.3
121 silly currentTree +-- request@2.81.0
121 silly currentTree | `-- uuid@3.0.1
121 silly currentTree +-- requester@0.1.22
121 silly currentTree | +-- async@0.1.22
121 silly currentTree | +-- bluebird@2.3.11
121 silly currentTree | +-- combined-stream@0.0.7
121 silly currentTree | +-- delayed-stream@0.0.5
121 silly currentTree | +-- form-data@0.0.10
121 silly currentTree | | `-- async@0.2.10
121 silly currentTree | +-- mime@1.2.11
121 silly currentTree | `-- qs@0.5.6
121 silly currentTree +-- require_optional@1.0.0
121 silly currentTree +-- resolve-from@2.0.0
121 silly currentTree +-- resolve@1.3.3
121 silly currentTree +-- right-align@0.1.3
121 silly currentTree +-- safe-buffer@5.0.1
121 silly currentTree +-- sax@0.5.8
121 silly currentTree +-- semver-diff@2.1.0
121 silly currentTree +-- semver@5.3.0
121 silly currentTree +-- send@0.15.1
121 silly currentTree | `-- debug@2.6.1
121 silly currentTree +-- serve-favicon@2.4.2
121 silly currentTree | `-- ms@1.0.0
121 silly currentTree +-- serve-static@1.12.1
121 silly currentTree +-- set-immediate-shim@1.0.1
121 silly currentTree +-- setprototypeof@1.0.3
121 silly currentTree +-- sliced@1.0.1
121 silly currentTree +-- slide@1.1.6
121 silly currentTree +-- sntp@1.0.9
121 silly currentTree +-- source-map@0.4.4
121 silly currentTree +-- split@0.3.3
121 silly currentTree +-- sshpk@1.13.0
121 silly currentTree | `-- assert-plus@1.0.0
121 silly currentTree +-- statuses@1.3.1
121 silly currentTree +-- stream-combiner@0.0.4
121 silly currentTree +-- stream-shift@1.0.0
121 silly currentTree +-- streamsearch@0.1.2
121 silly currentTree +-- string_decoder@1.0.0
121 silly currentTree +-- string-length@1.0.1
121 silly currentTree +-- stringstream@0.0.5
121 silly currentTree +-- strip-ansi@3.0.1
121 silly currentTree +-- strip-json-comments@2.0.1
121 silly currentTree +-- supports-color@2.0.0
121 silly currentTree +-- through@2.3.8
121 silly currentTree +-- timed-out@2.0.0
121 silly currentTree +-- token-stream@0.0.1
121 silly currentTree +-- topo@1.1.0
121 silly currentTree +-- touch@1.0.0
121 silly currentTree +-- tough-cookie@2.3.2
121 silly currentTree +-- tunnel-agent@0.6.0
121 silly currentTree +-- tweetnacl@0.14.5
121 silly currentTree +-- type-is@1.6.15
121 silly currentTree +-- typedarray@0.0.6
121 silly currentTree +-- uglify-js@2.8.22
121 silly currentTree | `-- source-map@0.5.6
121 silly currentTree +-- uglify-to-browserify@1.0.2
121 silly currentTree +-- uid-safe@2.1.4
121 silly currentTree +-- undefsafe@0.0.3
121 silly currentTree +-- underscore@1.4.4
121 silly currentTree +-- unpipe@1.0.0
121 silly currentTree +-- update-notifier@0.5.0
121 silly currentTree +-- utf8@2.1.2
121 silly currentTree +-- util-deprecate@1.0.2
121 silly currentTree +-- utils-merge@1.0.0
121 silly currentTree +-- uuid@2.0.3
121 silly currentTree +-- vary@1.1.1
121 silly currentTree +-- verror@1.3.6
121 silly currentTree +-- void-elements@2.0.1
121 silly currentTree +-- walk@2.3.9
121 silly currentTree +-- window-size@0.1.0
121 silly currentTree +-- windows-1251@1.0.0
121 silly currentTree +-- with@5.1.1
121 silly currentTree +-- wordwrap@0.0.3
121 silly currentTree +-- wrappy@1.0.2
121 silly currentTree +-- write-file-atomic@1.3.3
121 silly currentTree +-- xdg-basedir@2.0.0
121 silly currentTree +-- xml2js@0.2.8
121 silly currentTree +-- xtend@4.0.1
121 silly currentTree `-- yargs@3.10.0
122 silly idealTree brum4ismen@0.0.0
122 silly idealTree +-- abbrev@1.1.0
122 silly idealTree +-- accepts@1.3.3
122 silly idealTree +-- acorn-globals@3.1.0
122 silly idealTree | `-- acorn@4.0.11
122 silly idealTree +-- acorn@3.3.0
122 silly idealTree +-- ajv@4.11.7
122 silly idealTree +-- align-text@0.1.4
122 silly idealTree +-- amdefine@1.0.1
122 silly idealTree +-- ansi-regex@2.1.1
122 silly idealTree +-- ansi-styles@2.2.1
122 silly idealTree +-- anymatch@1.3.0
122 silly idealTree +-- append-field@0.1.0
122 silly idealTree +-- arr-diff@2.0.0
122 silly idealTree +-- arr-flatten@1.0.3
122 silly idealTree +-- array-flatten@1.1.1
122 silly idealTree +-- array-unique@0.2.1
122 silly idealTree +-- arrify@1.0.1
122 silly idealTree +-- asap@2.0.5
122 silly idealTree +-- asn1@0.2.3
122 silly idealTree +-- assert-plus@0.2.0
122 silly idealTree +-- async-each@1.0.1
122 silly idealTree +-- async@1.5.2
122 silly idealTree +-- asynckit@0.4.0
122 silly idealTree +-- aws-sign2@0.6.0
122 silly idealTree +-- aws4@1.6.0
122 silly idealTree +-- balanced-match@0.4.2
122 silly idealTree +-- base64url@2.0.0
122 silly idealTree +-- basic-auth@1.1.0
122 silly idealTree +-- bcrypt-pbkdf@1.0.1
122 silly idealTree +-- binary-extensions@1.8.0
122 silly idealTree +-- bluebird@2.10.2
122 silly idealTree +-- body-parser@1.17.1
122 silly idealTree | `-- debug@2.6.1
122 silly idealTree +-- boom@2.10.1
122 silly idealTree +-- brace-expansion@1.1.7
122 silly idealTree +-- braces@1.8.5
122 silly idealTree +-- bson@1.0.4
122 silly idealTree +-- buffer-equal-constant-time@1.0.1
122 silly idealTree +-- buffer-shims@1.0.0
122 silly idealTree +-- busboy@0.2.14
122 silly idealTree | +-- isarray@0.0.1
122 silly idealTree | +-- readable-stream@1.1.14
122 silly idealTree | `-- string_decoder@0.10.31
122 silly idealTree +-- bytes@2.4.0
122 silly idealTree +-- camelcase@1.2.1
122 silly idealTree +-- caseless@0.12.0
122 silly idealTree +-- center-align@0.1.3
122 silly idealTree +-- chalk@1.1.3
122 silly idealTree +-- character-parser@2.2.0
122 silly idealTree +-- chokidar@1.6.1
122 silly idealTree +-- clean-css@3.4.25
122 silly idealTree +-- cliui@2.1.0
122 silly idealTree | `-- wordwrap@0.0.2
122 silly idealTree +-- co@4.6.0
122 silly idealTree +-- colors@0.6.2
122 silly idealTree +-- combined-stream@1.0.5
122 silly idealTree +-- commander@2.8.1
122 silly idealTree +-- concat-map@0.0.1
122 silly idealTree +-- concat-stream@1.6.0
122 silly idealTree +-- configstore@1.4.0
122 silly idealTree +-- constantinople@3.1.0
122 silly idealTree +-- content-disposition@0.5.2
122 silly idealTree +-- content-type@1.0.2
122 silly idealTree +-- cookie-parser@1.4.3
122 silly idealTree +-- cookie-signature@1.0.6
122 silly idealTree +-- cookie@0.3.1
122 silly idealTree +-- core-util-is@1.0.2
122 silly idealTree +-- cors@2.8.3
122 silly idealTree +-- crc@3.4.4
122 silly idealTree +-- cryptiles@2.0.5
122 silly idealTree +-- dashdash@1.14.1
122 silly idealTree | `-- assert-plus@1.0.0
122 silly idealTree +-- debug@2.6.4
122 silly idealTree | `-- ms@0.7.3
122 silly idealTree +-- decamelize@1.2.0
122 silly idealTree +-- deep-extend@0.4.1
122 silly idealTree +-- delayed-stream@1.0.0
122 silly idealTree +-- depd@1.1.0
122 silly idealTree +-- destroy@1.0.4
122 silly idealTree +-- dicer@0.2.5
122 silly idealTree | +-- isarray@0.0.1
122 silly idealTree | +-- readable-stream@1.1.14
122 silly idealTree | `-- string_decoder@0.10.31
122 silly idealTree +-- doctypes@1.1.0
122 silly idealTree +-- duplexer@0.1.1
122 silly idealTree +-- duplexify@3.5.0
122 silly idealTree +-- ecc-jsbn@0.1.1
122 silly idealTree +-- ecdsa-sig-formatter@1.0.9
122 silly idealTree +-- ee-first@1.1.1
122 silly idealTree +-- encodeurl@1.0.1
122 silly idealTree +-- end-of-stream@1.0.0
122 silly idealTree +-- es6-promise@3.2.1
122 silly idealTree +-- escape-html@1.0.3
122 silly idealTree +-- escape-string-regexp@1.0.5
122 silly idealTree +-- etag@1.8.0
122 silly idealTree +-- event-stream@3.3.4
122 silly idealTree +-- expand-brackets@0.1.5
122 silly idealTree +-- expand-range@1.8.2
122 silly idealTree +-- express-session@1.15.2
122 silly idealTree | `-- debug@2.6.3
122 silly idealTree +-- express@4.15.2
122 silly idealTree | `-- debug@2.6.1
122 silly idealTree +-- extend@3.0.0
122 silly idealTree +-- extglob@0.3.2
122 silly idealTree +-- extsprintf@1.0.2
122 silly idealTree +-- filename-regex@2.0.0
122 silly idealTree +-- fill-range@2.2.3
122 silly idealTree +-- finalhandler@1.0.2
122 silly idealTree +-- flushwritable@1.0.0
122 silly idealTree +-- for-in@1.0.2
122 silly idealTree +-- for-own@0.1.5
122 silly idealTree +-- foreachasync@3.0.0
122 silly idealTree +-- forever-agent@0.6.1
122 silly idealTree +-- form-data@2.1.4
122 silly idealTree +-- forwarded@0.1.0
122 silly idealTree +-- fresh@0.5.0
122 silly idealTree +-- from@0.1.7
122 silly idealTree +-- function-bind@1.1.0
122 silly idealTree +-- getpass@0.1.6
122 silly idealTree | `-- assert-plus@1.0.0
122 silly idealTree +-- glob-base@0.3.0
122 silly idealTree +-- glob-parent@2.0.0
122 silly idealTree +-- got@3.3.1
122 silly idealTree | `-- object-assign@3.0.0
122 silly idealTree +-- graceful-fs@4.1.11
122 silly idealTree +-- graceful-readlink@1.0.1
122 silly idealTree +-- gridfs-stream@1.1.1
122 silly idealTree +-- gridfs@1.0.0
122 silly idealTree +-- handlebars@4.0.5
122 silly idealTree +-- har-schema@1.0.5
122 silly idealTree +-- har-validator@4.2.1
122 silly idealTree +-- has-ansi@2.0.0
122 silly idealTree +-- has@1.0.1
122 silly idealTree +-- hawk@3.1.3
122 silly idealTree +-- hbs@4.0.1
122 silly idealTree +-- hoek@2.16.3
122 silly idealTree +-- hooks-fixed@2.0.0
122 silly idealTree +-- http-errors@1.6.1
122 silly idealTree +-- http-signature@1.1.1
122 silly idealTree +-- http@0.0.0
122 silly idealTree +-- iconv-lite@0.4.15
122 silly idealTree +-- iconv@2.2.3
122 silly idealTree +-- ignore-by-default@1.0.1
122 silly idealTree +-- imurmurhash@0.1.4
122 silly idealTree +-- infinity-agent@2.0.3
122 silly idealTree +-- inherits@2.0.3
122 silly idealTree +-- ini@1.3.4
122 silly idealTree +-- ipaddr.js@1.3.0
122 silly idealTree +-- is-binary-path@1.0.1
122 silly idealTree +-- is-buffer@1.1.5
122 silly idealTree +-- is-dotfile@1.0.2
122 silly idealTree +-- is-equal-shallow@0.1.3
122 silly idealTree +-- is-expression@2.1.0
122 silly idealTree +-- is-extendable@0.1.1
122 silly idealTree +-- is-extglob@1.0.0
122 silly idealTree +-- is-finite@1.0.2
122 silly idealTree +-- is-glob@2.0.1
122 silly idealTree +-- is-npm@1.0.0
122 silly idealTree +-- is-number@2.1.0
122 silly idealTree +-- is-posix-bracket@0.1.1
122 silly idealTree +-- is-primitive@2.0.0
122 silly idealTree +-- is-promise@2.1.0
122 silly idealTree +-- is-redirect@1.0.0
122 silly idealTree +-- is-regex@1.0.4
122 silly idealTree +-- is-stream@1.1.0
122 silly idealTree +-- is-typedarray@1.0.0
122 silly idealTree +-- isarray@1.0.0
122 silly idealTree +-- isemail@1.2.0
122 silly idealTree +-- isobject@2.1.0
122 silly idealTree +-- isstream@0.1.2
122 silly idealTree +-- jodid25519@1.0.2
122 silly idealTree +-- joi@6.10.1
122 silly idealTree +-- jquery@3.2.1
122 silly idealTree +-- js-stringify@1.0.2
122 silly idealTree +-- jsbn@0.1.1
122 silly idealTree +-- json-schema@0.2.3
122 silly idealTree +-- json-stable-stringify@1.0.1
122 silly idealTree +-- json-stringify-safe@5.0.1
122 silly idealTree +-- jsonify@0.0.0
122 silly idealTree +-- jsonwebtoken@7.3.0
122 silly idealTree +-- jsprim@1.4.0
122 silly idealTree | `-- assert-plus@1.0.0
122 silly idealTree +-- jstransformer@1.0.0
122 silly idealTree +-- jwa@1.1.5
122 silly idealTree +-- jws@3.1.4
122 silly idealTree +-- kareem@1.4.0
122 silly idealTree +-- kind-of@3.1.0
122 silly idealTree +-- latest-version@1.0.1
122 silly idealTree +-- lazy-cache@1.0.4
122 silly idealTree +-- lodash._baseassign@3.2.0
122 silly idealTree +-- lodash._basecopy@3.0.1
122 silly idealTree +-- lodash._bindcallback@3.0.1
122 silly idealTree +-- lodash._createassigner@3.1.1
122 silly idealTree +-- lodash._getnative@3.9.1
122 silly idealTree +-- lodash._isiterateecall@3.0.9
122 silly idealTree +-- lodash.assign@3.2.0
122 silly idealTree +-- lodash.defaults@3.1.2
122 silly idealTree +-- lodash.isarguments@3.1.0
122 silly idealTree +-- lodash.isarray@3.0.4
122 silly idealTree +-- lodash.keys@3.1.2
122 silly idealTree +-- lodash.once@4.1.1
122 silly idealTree +-- lodash.restparam@3.6.1
122 silly idealTree +-- lodash@4.17.4
122 silly idealTree +-- longest@1.0.1
122 silly idealTree +-- lowercase-keys@1.0.0
122 silly idealTree +-- map-stream@0.1.0
122 silly idealTree +-- media-typer@0.3.0
122 silly idealTree +-- merge-descriptors@1.0.1
122 silly idealTree +-- methods@1.1.2
122 silly idealTree +-- micromatch@2.3.11
122 silly idealTree +-- mime-db@1.27.0
122 silly idealTree +-- mime-types@2.1.15
122 silly idealTree +-- mime@1.3.4
122 silly idealTree +-- minimatch@3.0.3
122 silly idealTree +-- minimist@0.0.10
122 silly idealTree +-- mkdirp@0.5.1
122 silly idealTree | `-- minimist@0.0.8
122 silly idealTree +-- moment@2.18.1
122 silly idealTree +-- mongodb-core@2.1.10
122 silly idealTree +-- mongodb@2.2.26
122 silly idealTree +-- mongoose@4.9.6
122 silly idealTree | `-- async@2.1.4
122 silly idealTree +-- morgan@1.8.1
122 silly idealTree | `-- debug@2.6.1
122 silly idealTree +-- mpath@0.2.1
122 silly idealTree +-- mpromise@0.5.5
122 silly idealTree +-- mquery@2.3.0
122 silly idealTree | +-- debug@2.2.0
122 silly idealTree | +-- ms@0.7.1
122 silly idealTree | `-- sliced@0.0.5
122 silly idealTree +-- ms@0.7.2
122 silly idealTree +-- multer@1.3.0
122 silly idealTree | `-- object-assign@3.0.0
122 silly idealTree +-- muri@1.2.1
122 silly idealTree +-- nan@2.6.2
122 silly idealTree +-- negotiator@0.6.1
122 silly idealTree +-- nested-error-stacks@1.0.2
122 silly idealTree +-- nodemon@1.11.0
122 silly idealTree +-- nopt@1.0.10
122 silly idealTree +-- normalize-path@2.1.1
122 silly idealTree +-- number-is-nan@1.0.1
122 silly idealTree +-- oauth-sign@0.8.2
122 silly idealTree +-- object-assign@4.1.1
122 silly idealTree +-- object.omit@2.0.1
122 silly idealTree +-- on-finished@2.3.0
122 silly idealTree +-- on-headers@1.0.1
122 silly idealTree +-- once@1.3.3
122 silly idealTree +-- optimist@0.6.1
122 silly idealTree +-- os-homedir@1.0.2
122 silly idealTree +-- os-tmpdir@1.0.2
122 silly idealTree +-- osenv@0.1.4
122 silly idealTree +-- package-json@1.2.0
122 silly idealTree +-- parse-glob@3.0.4
122 silly idealTree +-- parseurl@1.3.1
122 silly idealTree +-- passport-jwt@2.2.1
122 silly idealTree +-- passport-local@1.0.0
122 silly idealTree +-- passport-strategy@1.0.0
122 silly idealTree +-- passport@0.3.2
122 silly idealTree +-- path-is-absolute@1.0.1
122 silly idealTree +-- path-parse@1.0.5
122 silly idealTree +-- path-to-regexp@0.1.7
122 silly idealTree +-- pause-stream@0.0.11
122 silly idealTree +-- pause@0.0.1
122 silly idealTree +-- performance-now@0.2.0
122 silly idealTree +-- pinkie-promise@2.0.1
122 silly idealTree +-- pinkie@2.0.4
122 silly idealTree +-- prepend-http@1.0.4
122 silly idealTree +-- preserve@0.2.0
122 silly idealTree +-- process-nextick-args@1.0.7
122 silly idealTree +-- promise-object@0.1.7
122 silly idealTree +-- promise@7.1.1
122 silly idealTree +-- proxy-addr@1.1.4
122 silly idealTree +-- ps-tree@1.1.0
122 silly idealTree +-- pug-attrs@2.0.2
122 silly idealTree +-- pug-code-gen@1.1.1
122 silly idealTree +-- pug-error@1.3.2
122 silly idealTree +-- pug-filters@2.1.2
122 silly idealTree +-- pug-lexer@3.1.0
122 silly idealTree | +-- acorn@4.0.11
122 silly idealTree | `-- is-expression@3.0.0
122 silly idealTree +-- pug-linker@2.0.3
122 silly idealTree +-- pug-load@2.0.6
122 silly idealTree +-- pug-parser@2.0.2
122 silly idealTree +-- pug-runtime@2.0.3
122 silly idealTree +-- pug-strip-comments@1.0.2
122 silly idealTree +-- pug-walk@1.1.2
122 silly idealTree +-- pug@2.0.0-beta.12
122 silly idealTree +-- punycode@1.4.1
122 silly idealTree +-- qs@6.4.0
122 silly idealTree +-- random-bytes@1.0.0
122 silly idealTree +-- randomatic@1.1.6
122 silly idealTree +-- range-parser@1.2.0
122 silly idealTree +-- raw-body@2.2.0
122 silly idealTree +-- rc@1.2.1
122 silly idealTree | `-- minimist@1.2.0
122 silly idealTree +-- read-all-stream@3.1.0
122 silly idealTree +-- readable-stream@2.2.7
122 silly idealTree +-- readdirp@2.1.0
122 silly idealTree +-- regex-cache@0.4.3
122 silly idealTree +-- regexp-clone@0.0.1
122 silly idealTree +-- registry-url@3.1.0
122 silly idealTree +-- remove-trailing-separator@1.0.1
122 silly idealTree +-- repeat-element@1.1.2
122 silly idealTree +-- repeat-string@1.6.1
122 silly idealTree +-- repeating@1.1.3
122 silly idealTree +-- request@2.81.0
122 silly idealTree | `-- uuid@3.0.1
122 silly idealTree +-- requester@0.1.22
122 silly idealTree | +-- async@0.1.22
122 silly idealTree | +-- bluebird@2.3.11
122 silly idealTree | +-- combined-stream@0.0.7
122 silly idealTree | +-- delayed-stream@0.0.5
122 silly idealTree | +-- form-data@0.0.10
122 silly idealTree | | `-- async@0.2.10
122 silly idealTree | +-- mime@1.2.11
122 silly idealTree | `-- qs@0.5.6
122 silly idealTree +-- require_optional@1.0.0
122 silly idealTree +-- resolve-from@2.0.0
122 silly idealTree +-- resolve@1.3.3
122 silly idealTree +-- right-align@0.1.3
122 silly idealTree +-- safe-buffer@5.0.1
122 silly idealTree +-- sax@0.5.8
122 silly idealTree +-- semver-diff@2.1.0
122 silly idealTree +-- semver@5.3.0
122 silly idealTree +-- send@0.15.1
122 silly idealTree | `-- debug@2.6.1
122 silly idealTree +-- serve-favicon@2.4.2
122 silly idealTree | `-- ms@1.0.0
122 silly idealTree +-- serve-static@1.12.1
122 silly idealTree +-- set-immediate-shim@1.0.1
122 silly idealTree +-- setprototypeof@1.0.3
122 silly idealTree +-- sliced@1.0.1
122 silly idealTree +-- slide@1.1.6
122 silly idealTree +-- sntp@1.0.9
122 silly idealTree +-- source-map@0.4.4
122 silly idealTree +-- split@0.3.3
122 silly idealTree +-- sshpk@1.13.0
122 silly idealTree | `-- assert-plus@1.0.0
122 silly idealTree +-- statuses@1.3.1
122 silly idealTree +-- stream-combiner@0.0.4
122 silly idealTree +-- stream-shift@1.0.0
122 silly idealTree +-- streamsearch@0.1.2
122 silly idealTree +-- string_decoder@1.0.0
122 silly idealTree +-- string-length@1.0.1
122 silly idealTree +-- stringstream@0.0.5
122 silly idealTree +-- strip-ansi@3.0.1
122 silly idealTree +-- strip-json-comments@2.0.1
122 silly idealTree +-- supports-color@2.0.0
122 silly idealTree +-- through@2.3.8
122 silly idealTree +-- timed-out@2.0.0
122 silly idealTree +-- token-stream@0.0.1
122 silly idealTree +-- topo@1.1.0
122 silly idealTree +-- touch@1.0.0
122 silly idealTree +-- tough-cookie@2.3.2
122 silly idealTree +-- tunnel-agent@0.6.0
122 silly idealTree +-- tweetnacl@0.14.5
122 silly idealTree +-- type-is@1.6.15
122 silly idealTree +-- typedarray@0.0.6
122 silly idealTree +-- uglify-js@2.8.22
122 silly idealTree | `-- source-map@0.5.6
122 silly idealTree +-- uglify-to-browserify@1.0.2
122 silly idealTree +-- uid-safe@2.1.4
122 silly idealTree +-- undefsafe@0.0.3
122 silly idealTree +-- underscore@1.4.4
122 silly idealTree +-- unpipe@1.0.0
122 silly idealTree +-- update-notifier@0.5.0
122 silly idealTree +-- utf8@2.1.2
122 silly idealTree +-- util-deprecate@1.0.2
122 silly idealTree +-- utils-merge@1.0.0
122 silly idealTree +-- uuid@2.0.3
122 silly idealTree +-- vary@1.1.1
122 silly idealTree +-- verror@1.3.6
122 silly idealTree +-- void-elements@2.0.1
122 silly idealTree +-- walk@2.3.9
122 silly idealTree +-- window-size@0.1.0
122 silly idealTree +-- windows-1251@1.0.0
122 silly idealTree +-- with@5.1.1
122 silly idealTree +-- wordwrap@0.0.3
122 silly idealTree +-- wrappy@1.0.2
122 silly idealTree +-- write-file-atomic@1.3.3
122 silly idealTree +-- xdg-basedir@2.0.0
122 silly idealTree +-- xml2js@0.2.8
122 silly idealTree +-- xtend@4.0.1
122 silly idealTree `-- yargs@3.10.0
123 silly generateActionsToTake Starting
124 silly install generateActionsToTake
125 silly generateActionsToTake Finishing
126 silly diffTrees action count 2
127 silly diffTrees add nan@2.6.2
128 silly diffTrees add iconv@2.2.3
129 silly decomposeActions action count 16
130 silly decomposeActions fetch nan@2.6.2
131 silly decomposeActions extract nan@2.6.2
132 silly decomposeActions test nan@2.6.2
133 silly decomposeActions preinstall nan@2.6.2
134 silly decomposeActions build nan@2.6.2
135 silly decomposeActions install nan@2.6.2
136 silly decomposeActions postinstall nan@2.6.2
137 silly decomposeActions finalize nan@2.6.2
138 silly decomposeActions fetch iconv@2.2.3
139 silly decomposeActions extract iconv@2.2.3
140 silly decomposeActions test iconv@2.2.3
141 silly decomposeActions preinstall iconv@2.2.3
142 silly decomposeActions build iconv@2.2.3
143 silly decomposeActions install iconv@2.2.3
144 silly decomposeActions postinstall iconv@2.2.3
145 silly decomposeActions finalize iconv@2.2.3
146 silly runTopLevelLifecycles Starting
147 silly executeActions Starting
148 silly install executeActions
149 silly doSerial global-install 0
150 silly doParallel fetch 2
151 verbose correctMkdir C:\Users\Ayyavazhi\AppData\Roaming\npm-cache\_locks correctMkdir not in flight; initializing
152 verbose lock using C:\Users\Ayyavazhi\AppData\Roaming\npm-cache\_locks\staging-1150c53edbaa03c0.lock for D:\Programming\Brum4iSmen\node_modules\.staging
153 silly doParallel extract 2
154 silly extract nan@2.6.2
155 silly extract iconv@2.2.3
156 verbose unbuild node_modules\.staging\nan-276845f1
157 verbose unbuild node_modules\.staging\iconv-3c0eb88d
158 silly gentlyRm D:\Programming\Brum4iSmen\node_modules\.staging\nan-276845f1 is being purged from base D:\Programming\Brum4iSmen
159 verbose gentlyRm don't care about contents; nuking D:\Programming\Brum4iSmen\node_modules\.staging\nan-276845f1
160 silly gentlyRm D:\Programming\Brum4iSmen\node_modules\.staging\iconv-3c0eb88d is being purged from base D:\Programming\Brum4iSmen
161 verbose gentlyRm don't care about contents; nuking D:\Programming\Brum4iSmen\node_modules\.staging\iconv-3c0eb88d
162 verbose tar unpack C:\Users\Ayyavazhi\AppData\Roaming\npm-cache\nan\2.6.2\package.tgz
163 verbose tar unpacking to D:\Programming\Brum4iSmen\node_modules\.staging\nan-276845f1
164 silly gentlyRm D:\Programming\Brum4iSmen\node_modules\.staging\nan-276845f1 is being purged
165 verbose gentlyRm don't care about contents; nuking D:\Programming\Brum4iSmen\node_modules\.staging\nan-276845f1
166 verbose tar unpack C:\Users\Ayyavazhi\AppData\Roaming\npm-cache\iconv\2.2.3\package.tgz
167 verbose tar unpacking to D:\Programming\Brum4iSmen\node_modules\.staging\iconv-3c0eb88d
168 silly gentlyRm D:\Programming\Brum4iSmen\node_modules\.staging\iconv-3c0eb88d is being purged
169 verbose gentlyRm don't care about contents; nuking D:\Programming\Brum4iSmen\node_modules\.staging\iconv-3c0eb88d
170 silly gunzTarPerm modes [ '777', '666' ]
171 silly gunzTarPerm modes [ '777', '666' ]
172 silly gunzTarPerm extractEntry package.json
173 silly gunzTarPerm modified mode [ 'package.json', 436, 438 ]
174 silly gunzTarPerm extractEntry package.json
175 silly gunzTarPerm modified mode [ 'package.json', 420, 438 ]
176 silly gunzTarPerm extractEntry README.md
177 silly gunzTarPerm modified mode [ 'README.md', 436, 438 ]
178 silly gunzTarPerm extractEntry include_dirs.js
179 silly gunzTarPerm modified mode [ 'include_dirs.js', 436, 438 ]
180 silly gunzTarPerm extractEntry .npmignore
181 silly gunzTarPerm modified mode [ '.npmignore', 420, 438 ]
182 silly gunzTarPerm extractEntry README.md
183 silly gunzTarPerm modified mode [ 'README.md', 420, 438 ]
184 silly gunzTarPerm extractEntry nan_converters_43_inl.h
185 silly gunzTarPerm modified mode [ 'nan_converters_43_inl.h', 436, 438 ]
186 silly gunzTarPerm extractEntry LICENSE.md
187 silly gunzTarPerm modified mode [ 'LICENSE.md', 436, 438 ]
188 silly gunzTarPerm extractEntry doc/new.md
189 silly gunzTarPerm modified mode [ 'doc/new.md', 436, 438 ]
190 silly gunzTarPerm extractEntry LICENSE
191 silly gunzTarPerm modified mode [ 'LICENSE', 420, 438 ]
192 silly gunzTarPerm extractEntry binding.gyp
193 silly gunzTarPerm modified mode [ 'binding.gyp', 420, 438 ]
194 silly gunzTarPerm extractEntry doc/asyncworker.md
195 silly gunzTarPerm modified mode [ 'doc/asyncworker.md', 436, 438 ]
196 silly gunzTarPerm extractEntry deps/libiconv/README
197 silly gunzTarPerm modified mode [ 'deps/libiconv/README', 420, 438 ]
198 silly gunzTarPerm extractEntry deps/libiconv/INSTALL.generic
199 silly gunzTarPerm modified mode [ 'deps/libiconv/INSTALL.generic', 420, 438 ]
200 silly gunzTarPerm extractEntry doc/callback.md
201 silly gunzTarPerm modified mode [ 'doc/callback.md', 436, 438 ]
202 silly gunzTarPerm extractEntry doc/converters.md
203 silly gunzTarPerm modified mode [ 'doc/converters.md', 436, 438 ]
204 silly gunzTarPerm extractEntry deps/libiconv/COPYING
205 silly gunzTarPerm modified mode [ 'deps/libiconv/COPYING', 420, 438 ]
206 silly gunzTarPerm extractEntry deps/libiconv/COPYING.LIB
207 silly gunzTarPerm modified mode [ 'deps/libiconv/COPYING.LIB', 420, 438 ]
208 silly gunzTarPerm extractEntry doc/errors.md
209 silly gunzTarPerm modified mode [ 'doc/errors.md', 436, 438 ]
210 silly gunzTarPerm extractEntry doc/json.md
211 silly gunzTarPerm modified mode [ 'doc/json.md', 436, 438 ]
212 silly gunzTarPerm extractEntry deps/libiconv/ChangeLog
213 silly gunzTarPerm modified mode [ 'deps/libiconv/ChangeLog', 420, 438 ]
214 silly gunzTarPerm extractEntry deps/libiconv/DEPENDENCIES
215 silly gunzTarPerm modified mode [ 'deps/libiconv/DEPENDENCIES', 420, 438 ]
216 silly gunzTarPerm extractEntry doc/maybe_types.md
217 silly gunzTarPerm modified mode [ 'doc/maybe_types.md', 436, 438 ]
218 silly gunzTarPerm extractEntry doc/methods.md
219 silly gunzTarPerm modified mode [ 'doc/methods.md', 436, 438 ]
220 silly gunzTarPerm extractEntry doc/buffers.md
221 silly gunzTarPerm modified mode [ 'doc/buffers.md', 436, 438 ]
222 silly gunzTarPerm extractEntry doc/node_misc.md
223 silly gunzTarPerm modified mode [ 'doc/node_misc.md', 436, 438 ]
224 silly gunzTarPerm extractEntry deps/libiconv/DESIGN
225 silly gunzTarPerm modified mode [ 'deps/libiconv/DESIGN', 420, 438 ]
226 silly gunzTarPerm extractEntry deps/libiconv/HACKING
227 silly gunzTarPerm modified mode [ 'deps/libiconv/HACKING', 420, 438 ]
228 silly gunzTarPerm extractEntry doc/object_wrappers.md
229 silly gunzTarPerm modified mode [ 'doc/object_wrappers.md', 436, 438 ]
230 silly gunzTarPerm extractEntry doc/persistent.md
231 silly gunzTarPerm modified mode [ 'doc/persistent.md', 436, 438 ]
232 silly gunzTarPerm extractEntry deps/libiconv/AUTHORS
233 silly gunzTarPerm modified mode [ 'deps/libiconv/AUTHORS', 420, 438 ]
234 silly gunzTarPerm extractEntry deps/libiconv/NEWS
235 silly gunzTarPerm modified mode [ 'deps/libiconv/NEWS', 420, 438 ]
236 silly gunzTarPerm extractEntry doc/scopes.md
237 silly gunzTarPerm modified mode [ 'doc/scopes.md', 436, 438 ]
238 silly gunzTarPerm extractEntry doc/script.md
239 silly gunzTarPerm modified mode [ 'doc/script.md', 436, 438 ]
240 silly gunzTarPerm extractEntry deps/libiconv/NOTES
241 silly gunzTarPerm modified mode [ 'deps/libiconv/NOTES', 420, 438 ]
242 silly gunzTarPerm extractEntry deps/libiconv/PORTS
243 silly gunzTarPerm modified mode [ 'deps/libiconv/PORTS', 420, 438 ]
244 silly gunzTarPerm extractEntry deps/libiconv/ABOUT-NLS
245 silly gunzTarPerm modified mode [ 'deps/libiconv/ABOUT-NLS', 420, 438 ]
246 silly gunzTarPerm extractEntry doc/string_bytes.md
247 silly gunzTarPerm modified mode [ 'doc/string_bytes.md', 436, 438 ]
248 silly gunzTarPerm extractEntry doc/v8_internals.md
249 silly gunzTarPerm modified mode [ 'doc/v8_internals.md', 436, 438 ]
250 silly gunzTarPerm extractEntry deps/libiconv/README.woe32
251 silly gunzTarPerm modified mode [ 'deps/libiconv/README.woe32', 420, 438 ]
252 silly gunzTarPerm extractEntry deps/libiconv/THANKS
253 silly gunzTarPerm modified mode [ 'deps/libiconv/THANKS', 420, 438 ]
254 silly gunzTarPerm extractEntry doc/v8_misc.md
255 silly gunzTarPerm modified mode [ 'doc/v8_misc.md', 436, 438 ]
256 silly gunzTarPerm extractEntry nan.h
257 silly gunzTarPerm modified mode [ 'nan.h', 436, 438 ]
258 silly gunzTarPerm extractEntry deps/libiconv/lib/euc_tw.h
259 silly gunzTarPerm modified mode [ 'deps/libiconv/lib/euc_tw.h', 420, 438 ]
260 silly gunzTarPerm extractEntry deps/libiconv/lib/aliases.gperf
261 silly gunzTarPerm modified mode [ 'deps/libiconv/lib/aliases.gperf', 420, 438 ]
262 silly gunzTarPerm extractEntry deps/libiconv/lib/aliases2.h
263 silly gunzTarPerm modified mode [ 'deps/libiconv/lib/aliases2.h', 420, 438 ]
264 silly gunzTarPerm extractEntry deps/libiconv/lib/aliases_aix.h
265 silly gunzTarPerm modified mode [ 'deps/libiconv/lib/aliases_aix.h', 420, 438 ]
266 silly gunzTarPerm extractEntry nan_callbacks.h
267 silly gunzTarPerm modified mode [ 'nan_callbacks.h', 436, 438 ]
268 silly gunzTarPerm extractEntry nan_callbacks_12_inl.h
269 silly gunzTarPerm modified mode [ 'nan_callbacks_12_inl.h', 436, 438 ]
270 silly gunzTarPerm extractEntry nan_callbacks_pre_12_inl.h
271 silly gunzTarPerm modified mode [ 'nan_callbacks_pre_12_inl.h', 436, 438 ]
272 silly gunzTarPerm extractEntry nan_converters.h
273 silly gunzTarPerm modified mode [ 'nan_converters.h', 436, 438 ]
274 silly gunzTarPerm extractEntry nan_converters_pre_43_inl.h
275 silly gunzTarPerm modified mode [ 'nan_converters_pre_43_inl.h', 436, 438 ]
276 silly gunzTarPerm extractEntry deps/libiconv/lib/aliases_aix_sysaix.h
277 silly gunzTarPerm modified mode [ 'deps/libiconv/lib/aliases_aix_sysaix.h', 420, 438 ]
278 silly gunzTarPerm extractEntry deps/libiconv/lib/aliases_dos.h
279 silly gunzTarPerm modified mode [ 'deps/libiconv/lib/aliases_dos.h', 420, 438 ]
280 silly gunzTarPerm extractEntry deps/libiconv/lib/aliases_extra.h
281 silly gunzTarPerm modified mode [ 'deps/libiconv/lib/aliases_extra.h', 420, 438 ]
282 silly gunzTarPerm extractEntry nan_implementation_12_inl.h
283 silly gunzTarPerm modified mode [ 'nan_implementation_12_inl.h', 436, 438 ]
284 silly gunzTarPerm extractEntry deps/libiconv/lib/aliases_osf1.h
285 silly gunzTarPerm modified mode [ 'deps/libiconv/lib/aliases_osf1.h', 420, 438 ]
286 silly gunzTarPerm extractEntry deps/libiconv/lib/aliases_osf1_sysosf1.h
287 silly gunzTarPerm modified mode [ 'deps/libiconv/lib/aliases_osf1_sysosf1.h', 420, 438 ]
288 silly gunzTarPerm extractEntry deps/libiconv/lib/aliases_sysaix.gperf
289 silly gunzTarPerm modified mode [ 'deps/libiconv/lib/aliases_sysaix.gperf', 420, 438 ]
290 silly gunzTarPerm extractEntry deps/libiconv/lib/aliases_sysaix.h
291 silly gunzTarPerm modified mode [ 'deps/libiconv/lib/aliases_sysaix.h', 420, 438 ]
292 silly gunzTarPerm extractEntry deps/libiconv/lib/aliases_syshpux.gperf
293 silly gunzTarPerm modified mode [ 'deps/libiconv/lib/aliases_syshpux.gperf', 420, 438 ]
294 silly gunzTarPerm extractEntry nan_implementation_pre_12_inl.h
295 silly gunzTarPerm modified mode [ 'nan_implementation_pre_12_inl.h', 436, 438 ]
296 silly gunzTarPerm extractEntry nan_json.h
297 silly gunzTarPerm modified mode [ 'nan_json.h', 436, 438 ]
298 silly gunzTarPerm extractEntry nan_maybe_43_inl.h
299 silly gunzTarPerm modified mode [ 'nan_maybe_43_inl.h', 436, 438 ]
300 silly gunzTarPerm extractEntry deps/libiconv/lib/aliases_syshpux.h
301 silly gunzTarPerm modified mode [ 'deps/libiconv/lib/aliases_syshpux.h', 420, 438 ]
302 silly gunzTarPerm extractEntry deps/libiconv/lib/aliases_sysosf1.gperf
303 silly gunzTarPerm modified mode [ 'deps/libiconv/lib/aliases_sysosf1.gperf', 420, 438 ]
304 silly gunzTarPerm extractEntry nan_maybe_pre_43_inl.h
305 silly gunzTarPerm modified mode [ 'nan_maybe_pre_43_inl.h', 436, 438 ]
306 silly gunzTarPerm extractEntry deps/libiconv/lib/aliases_sysosf1.h
307 silly gunzTarPerm modified mode [ 'deps/libiconv/lib/aliases_sysosf1.h', 420, 438 ]
308 silly gunzTarPerm extractEntry deps/libiconv/lib/aliases_syssolaris.gperf
309 silly gunzTarPerm modified mode [ 'deps/libiconv/lib/aliases_syssolaris.gperf', 420, 438 ]
310 silly gunzTarPerm extractEntry deps/libiconv/lib/aliases_syssolaris.h
311 silly gunzTarPerm modified mode [ 'deps/libiconv/lib/aliases_syssolaris.h', 420, 438 ]
312 silly gunzTarPerm extractEntry nan_new.h
313 silly gunzTarPerm modified mode [ 'nan_new.h', 436, 438 ]
314 silly gunzTarPerm extractEntry nan_object_wrap.h
315 silly gunzTarPerm modified mode [ 'nan_object_wrap.h', 436, 438 ]
316 silly gunzTarPerm extractEntry deps/libiconv/lib/armscii_8.h
317 silly gunzTarPerm modified mode [ 'deps/libiconv/lib/armscii_8.h', 420, 438 ]
318 silly gunzTarPerm extractEntry deps/libiconv/lib/ascii.h
319 silly gunzTarPerm modified mode [ 'deps/libiconv/lib/ascii.h', 420, 438 ]
320 silly gunzTarPerm extractEntry nan_persistent_12_inl.h
321 silly gunzTarPerm modified mode [ 'nan_persistent_12_inl.h', 436, 438 ]
322 silly gunzTarPerm extractEntry nan_persistent_pre_12_inl.h
323 silly gunzTarPerm modified mode [ 'nan_persistent_pre_12_inl.h', 436, 438 ]
324 silly gunzTarPerm extractEntry deps/libiconv/lib/atarist.h
325 silly gunzTarPerm modified mode [ 'deps/libiconv/lib/atarist.h', 420, 438 ]
326 silly gunzTarPerm extractEntry nan_private.h
327 silly gunzTarPerm modified mode [ 'nan_private.h', 436, 438 ]
328 silly gunzTarPerm extractEntry nan_string_bytes.h
329 silly gunzTarPerm modified mode [ 'nan_string_bytes.h', 436, 438 ]
330 silly gunzTarPerm extractEntry deps/libiconv/lib/big5.h
331 silly gunzTarPerm modified mode [ 'deps/libiconv/lib/big5.h', 420, 438 ]
332 silly gunzTarPerm extractEntry deps/libiconv/lib/big5_2003.h
333 silly gunzTarPerm modified mode [ 'deps/libiconv/lib/big5_2003.h', 420, 438 ]
334 silly gunzTarPerm extractEntry nan_typedarray_contents.h
335 silly gunzTarPerm modified mode [ 'nan_typedarray_contents.h', 436, 438 ]
336 silly gunzTarPerm extractEntry nan_weak.h
337 silly gunzTarPerm modified mode [ 'nan_weak.h', 436, 438 ]
338 silly gunzTarPerm extractEntry deps/libiconv/lib/big5hkscs1999.h
339 silly gunzTarPerm modified mode [ 'deps/libiconv/lib/big5hkscs1999.h', 420, 438 ]
340 silly gunzTarPerm extractEntry deps/libiconv/lib/big5hkscs2001.h
341 silly gunzTarPerm modified mode [ 'deps/libiconv/lib/big5hkscs2001.h', 420, 438 ]
342 silly gunzTarPerm extractEntry CHANGELOG.md
343 silly gunzTarPerm modified mode [ 'CHANGELOG.md', 436, 438 ]
344 silly gunzTarPerm extractEntry tools/package.json
345 silly gunzTarPerm modified mode [ 'tools/package.json', 436, 438 ]
346 silly gunzTarPerm extractEntry deps/libiconv/lib/big5hkscs2004.h
347 silly gunzTarPerm modified mode [ 'deps/libiconv/lib/big5hkscs2004.h', 420, 438 ]
348 silly gunzTarPerm extractEntry deps/libiconv/lib/big5hkscs2008.h
349 silly gunzTarPerm modified mode [ 'deps/libiconv/lib/big5hkscs2008.h', 420, 438 ]
350 silly gunzTarPerm extractEntry tools/README.md
351 silly gunzTarPerm modified mode [ 'tools/README.md', 436, 438 ]
352 silly gunzTarPerm extractEntry tools/1to2.js
353 silly gunzTarPerm modified mode [ 'tools/1to2.js', 509, 511 ]
354 silly gunzTarPerm extractEntry deps/libiconv/lib/c99.h
355 silly gunzTarPerm modified mode [ 'deps/libiconv/lib/c99.h', 420, 438 ]
356 silly gunzTarPerm extractEntry deps/libiconv/lib/canonical.h
357 silly gunzTarPerm modified mode [ 'deps/libiconv/lib/canonical.h', 420, 438 ]
358 silly gunzTarPerm extractEntry deps/libiconv/lib/canonical_aix.h
359 silly gunzTarPerm modified mode [ 'deps/libiconv/lib/canonical_aix.h', 420, 438 ]
360 silly gunzTarPerm extractEntry deps/libiconv/lib/canonical_aix_sysaix.h
361 silly gunzTarPerm modified mode [ 'deps/libiconv/lib/canonical_aix_sysaix.h', 420, 438 ]
362 silly gunzTarPerm extractEntry deps/libiconv/lib/canonical_dos.h
363 silly gunzTarPerm modified mode [ 'deps/libiconv/lib/canonical_dos.h', 420, 438 ]
364 silly gunzTarPerm extractEntry deps/libiconv/lib/canonical_extra.h
365 silly gunzTarPerm modified mode [ 'deps/libiconv/lib/canonical_extra.h', 420, 438 ]
366 silly gunzTarPerm extractEntry deps/libiconv/lib/canonical_local.h
367 silly gunzTarPerm modified mode [ 'deps/libiconv/lib/canonical_local.h', 420, 438 ]
368 silly gunzTarPerm extractEntry deps/libiconv/lib/canonical_local_sysaix.h
369 silly gunzTarPerm modified mode [ 'deps/libiconv/lib/canonical_local_sysaix.h', 420, 438 ]
370 silly gunzTarPerm extractEntry deps/libiconv/lib/canonical_local_syshpux.h
371 silly gunzTarPerm modified mode [ 'deps/libiconv/lib/canonical_local_syshpux.h', 420, 438 ]
372 silly gunzTarPerm extractEntry deps/libiconv/lib/canonical_local_sysosf1.h
373 silly gunzTarPerm modified mode [ 'deps/libiconv/lib/canonical_local_sysosf1.h', 420, 438 ]
374 silly gunzTarPerm extractEntry deps/libiconv/lib/canonical_local_syssolaris.h
375 silly gunzTarPerm modified mode [ 'deps/libiconv/lib/canonical_local_syssolaris.h', 420, 438 ]
376 silly gunzTarPerm extractEntry deps/libiconv/lib/canonical_osf1.h
377 silly gunzTarPerm modified mode [ 'deps/libiconv/lib/canonical_osf1.h', 420, 438 ]
378 silly gunzTarPerm extractEntry deps/libiconv/lib/canonical_osf1_sysosf1.h
379 silly gunzTarPerm modified mode [ 'deps/libiconv/lib/canonical_osf1_sysosf1.h', 420, 438 ]
380 silly gunzTarPerm extractEntry deps/libiconv/lib/canonical_sysaix.h
381 silly gunzTarPerm modified mode [ 'deps/libiconv/lib/canonical_sysaix.h', 420, 438 ]
382 silly gunzTarPerm extractEntry deps/libiconv/lib/canonical_syshpux.h
383 silly gunzTarPerm modified mode [ 'deps/libiconv/lib/canonical_syshpux.h', 420, 438 ]
384 silly gunzTarPerm extractEntry deps/libiconv/lib/canonical_sysosf1.h
385 silly gunzTarPerm modified mode [ 'deps/libiconv/lib/canonical_sysosf1.h', 420, 438 ]
386 silly gunzTarPerm extractEntry deps/libiconv/lib/canonical_syssolaris.h
387 silly gunzTarPerm modified mode [ 'deps/libiconv/lib/canonical_syssolaris.h', 420, 438 ]
388 silly gunzTarPerm extractEntry deps/libiconv/lib/ces_big5.h
389 silly gunzTarPerm modified mode [ 'deps/libiconv/lib/ces_big5.h', 420, 438 ]
390 silly gunzTarPerm extractEntry deps/libiconv/lib/ces_gbk.h
391 silly gunzTarPerm modified mode [ 'deps/libiconv/lib/ces_gbk.h', 420, 438 ]
392 silly gunzTarPerm extractEntry deps/libiconv/lib/cjk_variants.h
393 silly gunzTarPerm modified mode [ 'deps/libiconv/lib/cjk_variants.h', 420, 438 ]
394 silly gunzTarPerm extractEntry deps/libiconv/lib/cns11643.h
395 silly gunzTarPerm modified mode [ 'deps/libiconv/lib/cns11643.h', 420, 438 ]
396 silly gunzTarPerm extractEntry deps/libiconv/lib/cns11643_1.h
397 silly gunzTarPerm modified mode [ 'deps/libiconv/lib/cns11643_1.h', 420, 438 ]
398 silly gunzTarPerm extractEntry deps/libiconv/lib/cns11643_15.h
399 silly gunzTarPerm modified mode [ 'deps/libiconv/lib/cns11643_15.h', 420, 438 ]
400 silly gunzTarPerm extractEntry deps/libiconv/lib/cns11643_2.h
401 silly gunzTarPerm modified mode [ 'deps/libiconv/lib/cns11643_2.h', 420, 438 ]
402 silly gunzTarPerm extractEntry deps/libiconv/lib/cns11643_3.h
403 silly gunzTarPerm modified mode [ 'deps/libiconv/lib/cns11643_3.h', 420, 438 ]
404 silly gunzTarPerm extractEntry deps/libiconv/lib/cns11643_4.h
405 silly gunzTarPerm modified mode [ 'deps/libiconv/lib/cns11643_4.h', 420, 438 ]
406 silly gunzTarPerm extractEntry deps/libiconv/lib/cns11643_4a.h
407 silly gunzTarPerm modified mode [ 'deps/libiconv/lib/cns11643_4a.h', 420, 438 ]
408 silly gunzTarPerm extractEntry deps/libiconv/lib/cns11643_4b.h
409 silly gunzTarPerm modified mode [ 'deps/libiconv/lib/cns11643_4b.h', 420, 438 ]
410 silly gunzTarPerm extractEntry deps/libiconv/lib/cns11643_5.h
411 silly gunzTarPerm modified mode [ 'deps/libiconv/lib/cns11643_5.h', 420, 438 ]
412 silly gunzTarPerm extractEntry deps/libiconv/lib/cns11643_6.h
413 silly gunzTarPerm modified mode [ 'deps/libiconv/lib/cns11643_6.h', 420, 438 ]
414 silly gunzTarPerm extractEntry deps/libiconv/lib/cns11643_7.h
415 silly gunzTarPerm modified mode [ 'deps/libiconv/lib/cns11643_7.h', 420, 438 ]
416 silly gunzTarPerm extractEntry deps/libiconv/lib/cns11643_inv.h
417 silly gunzTarPerm modified mode [ 'deps/libiconv/lib/cns11643_inv.h', 420, 438 ]
418 silly gunzTarPerm extractEntry deps/libiconv/lib/converters.h
419 silly gunzTarPerm modified mode [ 'deps/libiconv/lib/converters.h', 420, 438 ]
420 silly gunzTarPerm extractEntry deps/libiconv/lib/cp1046.h
421 silly gunzTarPerm modified mode [ 'deps/libiconv/lib/cp1046.h', 420, 438 ]
422 silly gunzTarPerm extractEntry deps/libiconv/lib/cp1124.h
423 silly gunzTarPerm modified mode [ 'deps/libiconv/lib/cp1124.h', 420, 438 ]
424 silly gunzTarPerm extractEntry deps/libiconv/lib/cp1125.h
425 silly gunzTarPerm modified mode [ 'deps/libiconv/lib/cp1125.h', 420, 438 ]
426 silly gunzTarPerm extractEntry deps/libiconv/lib/cp1129.h
427 silly gunzTarPerm modified mode [ 'deps/libiconv/lib/cp1129.h', 420, 438 ]
428 silly gunzTarPerm extractEntry deps/libiconv/lib/cp1131.h
429 silly gunzTarPerm modified mode [ 'deps/libiconv/lib/cp1131.h', 420, 438 ]
430 silly gunzTarPerm extractEntry deps/libiconv/lib/cp1133.h
431 silly gunzTarPerm modified mode [ 'deps/libiconv/lib/cp1133.h', 420, 438 ]
432 silly gunzTarPerm extractEntry deps/libiconv/lib/cp1161.h
433 silly gunzTarPerm modified mode [ 'deps/libiconv/lib/cp1161.h', 420, 438 ]
434 silly gunzTarPerm extractEntry deps/libiconv/lib/cp1162.h
435 silly gunzTarPerm modified mode [ 'deps/libiconv/lib/cp1162.h', 420, 438 ]
436 silly gunzTarPerm extractEntry deps/libiconv/lib/cp1163.h
437 silly gunzTarPerm modified mode [ 'deps/libiconv/lib/cp1163.h', 420, 438 ]
438 silly gunzTarPerm extractEntry deps/libiconv/lib/cp1250.h
439 silly gunzTarPerm modified mode [ 'deps/libiconv/lib/cp1250.h', 420, 438 ]
440 silly gunzTarPerm extractEntry deps/libiconv/lib/cp1251.h
441 silly gunzTarPerm modified mode [ 'deps/libiconv/lib/cp1251.h', 420, 438 ]
442 silly gunzTarPerm extractEntry deps/libiconv/lib/cp1252.h
443 silly gunzTarPerm modified mode [ 'deps/libiconv/lib/cp1252.h', 420, 438 ]
444 silly gunzTarPerm extractEntry deps/libiconv/lib/cp1253.h
445 silly gunzTarPerm modified mode [ 'deps/libiconv/lib/cp1253.h', 420, 438 ]
446 silly gunzTarPerm extractEntry deps/libiconv/lib/cp1254.h
447 silly gunzTarPerm modified mode [ 'deps/libiconv/lib/cp1254.h', 420, 438 ]
448 silly gunzTarPerm extractEntry deps/libiconv/lib/cp1255.h
449 silly gunzTarPerm modified mode [ 'deps/libiconv/lib/cp1255.h', 420, 438 ]
450 silly gunzTarPerm extractEntry deps/libiconv/lib/cp1256.h
451 silly gunzTarPerm modified mode [ 'deps/libiconv/lib/cp1256.h', 420, 438 ]
452 silly gunzTarPerm extractEntry deps/libiconv/lib/cp1257.h
453 silly gunzTarPerm modified mode [ 'deps/libiconv/lib/cp1257.h', 420, 438 ]
454 silly gunzTarPerm extractEntry deps/libiconv/lib/cp1258.h
455 silly gunzTarPerm modified mode [ 'deps/libiconv/lib/cp1258.h', 420, 438 ]
456 silly gunzTarPerm extractEntry deps/libiconv/lib/cp437.h
457 silly gunzTarPerm modified mode [ 'deps/libiconv/lib/cp437.h', 420, 438 ]
458 silly gunzTarPerm extractEntry deps/libiconv/lib/cp737.h
459 silly gunzTarPerm modified mode [ 'deps/libiconv/lib/cp737.h', 420, 438 ]
460 silly gunzTarPerm extractEntry deps/libiconv/lib/cp775.h
461 silly gunzTarPerm modified mode [ 'deps/libiconv/lib/cp775.h', 420, 438 ]
462 silly gunzTarPerm extractEntry deps/libiconv/lib/cp850.h
463 silly gunzTarPerm modified mode [ 'deps/libiconv/lib/cp850.h', 420, 438 ]
464 silly gunzTarPerm extractEntry deps/libiconv/lib/cp852.h
465 silly gunzTarPerm modified mode [ 'deps/libiconv/lib/cp852.h', 420, 438 ]
466 silly gunzTarPerm extractEntry deps/libiconv/lib/cp853.h
467 silly gunzTarPerm modified mode [ 'deps/libiconv/lib/cp853.h', 420, 438 ]
468 silly gunzTarPerm extractEntry deps/libiconv/lib/cp855.h
469 silly gunzTarPerm modified mode [ 'deps/libiconv/lib/cp855.h', 420, 438 ]
470 silly gunzTarPerm extractEntry deps/libiconv/lib/cp856.h
471 silly gunzTarPerm modified mode [ 'deps/libiconv/lib/cp856.h', 420, 438 ]
472 silly gunzTarPerm extractEntry deps/libiconv/lib/cp857.h
473 silly gunzTarPerm modified mode [ 'deps/libiconv/lib/cp857.h', 420, 438 ]
474 silly gunzTarPerm extractEntry deps/libiconv/lib/cp858.h
475 silly gunzTarPerm modified mode [ 'deps/libiconv/lib/cp858.h', 420, 438 ]
476 silly gunzTarPerm extractEntry deps/libiconv/lib/cp860.h
477 silly gunzTarPerm modified mode [ 'deps/libiconv/lib/cp860.h', 420, 438 ]
478 silly gunzTarPerm extractEntry deps/libiconv/lib/cp861.h
479 silly gunzTarPerm modified mode [ 'deps/libiconv/lib/cp861.h', 420, 438 ]
480 silly gunzTarPerm extractEntry deps/libiconv/lib/cp862.h
481 silly gunzTarPerm modified mode [ 'deps/libiconv/lib/cp862.h', 420, 438 ]
482 silly gunzTarPerm extractEntry deps/libiconv/lib/cp863.h
483 silly gunzTarPerm modified mode [ 'deps/libiconv/lib/cp863.h', 420, 438 ]
484 silly gunzTarPerm extractEntry deps/libiconv/lib/cp864.h
485 silly gunzTarPerm modified mode [ 'deps/libiconv/lib/cp864.h', 420, 438 ]
486 silly gunzTarPerm extractEntry deps/libiconv/lib/cp865.h
487 silly gunzTarPerm modified mode [ 'deps/libiconv/lib/cp865.h', 420, 438 ]
488 silly gunzTarPerm extractEntry deps/libiconv/lib/cp866.h
489 silly gunzTarPerm modified mode [ 'deps/libiconv/lib/cp866.h', 420, 438 ]
490 silly gunzTarPerm extractEntry deps/libiconv/lib/cp869.h
491 silly gunzTarPerm modified mode [ 'deps/libiconv/lib/cp869.h', 420, 438 ]
492 silly gunzTarPerm extractEntry deps/libiconv/lib/cp874.h
493 silly gunzTarPerm modified mode [ 'deps/libiconv/lib/cp874.h', 420, 438 ]
494 silly gunzTarPerm extractEntry deps/libiconv/lib/cp922.h
495 silly gunzTarPerm modified mode [ 'deps/libiconv/lib/cp922.h', 420, 438 ]
496 silly gunzTarPerm extractEntry deps/libiconv/lib/cp932.h
497 silly gunzTarPerm modified mode [ 'deps/libiconv/lib/cp932.h', 420, 438 ]
498 silly gunzTarPerm extractEntry deps/libiconv/lib/cp932ext.h
499 silly gunzTarPerm modified mode [ 'deps/libiconv/lib/cp932ext.h', 420, 438 ]
500 silly gunzTarPerm extractEntry deps/libiconv/lib/cp936.h
501 silly gunzTarPerm modified mode [ 'deps/libiconv/lib/cp936.h', 420, 438 ]
502 silly gunzTarPerm extractEntry deps/libiconv/lib/cp936ext.h
503 silly gunzTarPerm modified mode [ 'deps/libiconv/lib/cp936ext.h', 420, 438 ]
504 silly gunzTarPerm extractEntry deps/libiconv/lib/cp943.h
505 silly gunzTarPerm modified mode [ 'deps/libiconv/lib/cp943.h', 420, 438 ]
506 silly gunzTarPerm extractEntry deps/libiconv/lib/cp949.h
507 silly gunzTarPerm modified mode [ 'deps/libiconv/lib/cp949.h', 420, 438 ]
508 silly gunzTarPerm extractEntry deps/libiconv/lib/cp950.h
509 silly gunzTarPerm modified mode [ 'deps/libiconv/lib/cp950.h', 420, 438 ]
510 silly gunzTarPerm extractEntry deps/libiconv/lib/cp950ext.h
511 silly gunzTarPerm modified mode [ 'deps/libiconv/lib/cp950ext.h', 420, 438 ]
512 silly gunzTarPerm extractEntry deps/libiconv/lib/dec_hanyu.h
513 silly gunzTarPerm modified mode [ 'deps/libiconv/lib/dec_hanyu.h', 420, 438 ]
514 silly gunzTarPerm extractEntry deps/libiconv/lib/dec_kanji.h
515 silly gunzTarPerm modified mode [ 'deps/libiconv/lib/dec_kanji.h', 420, 438 ]
516 silly gunzTarPerm extractEntry deps/libiconv/lib/encodings.def
517 silly gunzTarPerm modified mode [ 'deps/libiconv/lib/encodings.def', 420, 438 ]
518 silly gunzTarPerm extractEntry deps/libiconv/lib/encodings_aix.def
519 silly gunzTarPerm modified mode [ 'deps/libiconv/lib/encodings_aix.def', 420, 438 ]
520 silly gentlyRm D:\Programming\Brum4iSmen\node_modules\.staging\nan-276845f1\node_modules is being purged
521 verbose gentlyRm don't care about contents; nuking D:\Programming\Brum4iSmen\node_modules\.staging\nan-276845f1\node_modules
522 silly gunzTarPerm extractEntry deps/libiconv/lib/encodings_dos.def
523 silly gunzTarPerm modified mode [ 'deps/libiconv/lib/encodings_dos.def', 420, 438 ]
524 silly gunzTarPerm extractEntry deps/libiconv/lib/encodings_extra.def
525 silly gunzTarPerm modified mode [ 'deps/libiconv/lib/encodings_extra.def', 420, 438 ]
526 silly gunzTarPerm extractEntry deps/libiconv/lib/encodings_local.def
527 silly gunzTarPerm modified mode [ 'deps/libiconv/lib/encodings_local.def', 420, 438 ]
528 silly gunzTarPerm extractEntry deps/libiconv/lib/encodings_osf1.def
529 silly gunzTarPerm modified mode [ 'deps/libiconv/lib/encodings_osf1.def', 420, 438 ]
530 silly gunzTarPerm extractEntry deps/libiconv/lib/euc_cn.h
531 silly gunzTarPerm modified mode [ 'deps/libiconv/lib/euc_cn.h', 420, 438 ]
532 silly gunzTarPerm extractEntry deps/libiconv/lib/euc_jisx0213.h
533 silly gunzTarPerm modified mode [ 'deps/libiconv/lib/euc_jisx0213.h', 420, 438 ]
534 silly gunzTarPerm extractEntry deps/libiconv/lib/euc_jp.h
535 silly gunzTarPerm modified mode [ 'deps/libiconv/lib/euc_jp.h', 420, 438 ]
536 silly gunzTarPerm extractEntry deps/libiconv/lib/euc_kr.h
537 silly gunzTarPerm modified mode [ 'deps/libiconv/lib/euc_kr.h', 420, 438 ]
538 silly gunzTarPerm extractEntry deps/libiconv/lib/aliases.h
539 silly gunzTarPerm modified mode [ 'deps/libiconv/lib/aliases.h', 420, 438 ]
540 silly gunzTarPerm extractEntry deps/libiconv/lib/flags.h
541 silly gunzTarPerm modified mode [ 'deps/libiconv/lib/flags.h', 420, 438 ]
542 silly gunzTarPerm extractEntry deps/libiconv/lib/flushwc.h
543 silly gunzTarPerm modified mode [ 'deps/libiconv/lib/flushwc.h', 420, 438 ]
544 silly gunzTarPerm extractEntry deps/libiconv/lib/gb12345.h
545 silly gunzTarPerm modified mode [ 'deps/libiconv/lib/gb12345.h', 420, 438 ]
546 silly gunzTarPerm extractEntry deps/libiconv/lib/gb12345ext.h
547 silly gunzTarPerm modified mode [ 'deps/libiconv/lib/gb12345ext.h', 420, 438 ]
548 silly gunzTarPerm extractEntry deps/libiconv/lib/gb18030.h
549 silly gunzTarPerm modified mode [ 'deps/libiconv/lib/gb18030.h', 420, 438 ]
550 silly gunzTarPerm extractEntry deps/libiconv/lib/gb18030ext.h
551 silly gunzTarPerm modified mode [ 'deps/libiconv/lib/gb18030ext.h', 420, 438 ]
552 silly gunzTarPerm extractEntry deps/libiconv/lib/gb18030uni.h
553 silly gunzTarPerm modified mode [ 'deps/libiconv/lib/gb18030uni.h', 420, 438 ]
554 silly gunzTarPerm extractEntry deps/libiconv/lib/gb2312.h
555 silly gunzTarPerm modified mode [ 'deps/libiconv/lib/gb2312.h', 420, 438 ]
556 silly gunzTarPerm extractEntry deps/libiconv/lib/gbk.h
557 silly gunzTarPerm modified mode [ 'deps/libiconv/lib/gbk.h', 420, 438 ]
558 silly gunzTarPerm extractEntry deps/libiconv/lib/gbkext1.h
559 silly gunzTarPerm modified mode [ 'deps/libiconv/lib/gbkext1.h', 420, 438 ]
560 silly gunzTarPerm extractEntry deps/libiconv/lib/gbkext2.h
561 silly gunzTarPerm modified mode [ 'deps/libiconv/lib/gbkext2.h', 420, 438 ]
562 silly gunzTarPerm extractEntry deps/libiconv/lib/gbkext_inv.h
563 silly gunzTarPerm modified mode [ 'deps/libiconv/lib/gbkext_inv.h', 420, 438 ]
564 silly gunzTarPerm extractEntry deps/libiconv/lib/genaliases.c
565 silly gunzTarPerm modified mode [ 'deps/libiconv/lib/genaliases.c', 420, 438 ]
566 silly gunzTarPerm extractEntry deps/libiconv/lib/genaliases2.c
567 silly gunzTarPerm modified mode [ 'deps/libiconv/lib/genaliases2.c', 420, 438 ]
568 silly gunzTarPerm extractEntry deps/libiconv/lib/genflags.c
569 silly gunzTarPerm modified mode [ 'deps/libiconv/lib/genflags.c', 420, 438 ]
570 silly gunzTarPerm extractEntry deps/libiconv/lib/gentranslit.c
571 silly gunzTarPerm modified mode [ 'deps/libiconv/lib/gentranslit.c', 420, 438 ]
572 silly gunzTarPerm extractEntry deps/libiconv/lib/georgian_academy.h
573 silly gunzTarPerm modified mode [ 'deps/libiconv/lib/georgian_academy.h', 420, 438 ]
574 silly gunzTarPerm extractEntry deps/libiconv/lib/georgian_ps.h
575 silly gunzTarPerm modified mode [ 'deps/libiconv/lib/georgian_ps.h', 420, 438 ]
576 silly gunzTarPerm extractEntry deps/libiconv/lib/hkscs1999.h
577 silly gunzTarPerm modified mode [ 'deps/libiconv/lib/hkscs1999.h', 420, 438 ]
578 silly gunzTarPerm extractEntry deps/libiconv/lib/hkscs2001.h
579 silly gunzTarPerm modified mode [ 'deps/libiconv/lib/hkscs2001.h', 420, 438 ]
580 silly gunzTarPerm extractEntry deps/libiconv/lib/hkscs2004.h
581 silly gunzTarPerm modified mode [ 'deps/libiconv/lib/hkscs2004.h', 420, 438 ]
582 silly gunzTarPerm extractEntry deps/libiconv/lib/hkscs2008.h
583 silly gunzTarPerm modified mode [ 'deps/libiconv/lib/hkscs2008.h', 420, 438 ]
584 silly gunzTarPerm extractEntry deps/libiconv/lib/hp_roman8.h
585 silly gunzTarPerm modified mode [ 'deps/libiconv/lib/hp_roman8.h', 420, 438 ]
586 silly gunzTarPerm extractEntry deps/libiconv/lib/hz.h
587 silly gunzTarPerm modified mode [ 'deps/libiconv/lib/hz.h', 420, 438 ]
588 silly gunzTarPerm extractEntry deps/libiconv/lib/iconv.c
589 silly gunzTarPerm modified mode [ 'deps/libiconv/lib/iconv.c', 420, 438 ]
590 silly gunzTarPerm extractEntry deps/libiconv/lib/iconv_open1.h
591 silly gunzTarPerm modified mode [ 'deps/libiconv/lib/iconv_open1.h', 420, 438 ]
592 silly gunzTarPerm extractEntry deps/libiconv/lib/iconv_open2.h
593 silly gunzTarPerm modified mode [ 'deps/libiconv/lib/iconv_open2.h', 420, 438 ]
594 silly gunzTarPerm extractEntry deps/libiconv/lib/iso2022_cn.h
595 silly gunzTarPerm modified mode [ 'deps/libiconv/lib/iso2022_cn.h', 420, 438 ]
596 silly gunzTarPerm extractEntry deps/libiconv/lib/iso2022_cnext.h
597 silly gunzTarPerm modified mode [ 'deps/libiconv/lib/iso2022_cnext.h', 420, 438 ]
598 silly gunzTarPerm extractEntry deps/libiconv/lib/iso2022_jp.h
599 silly gunzTarPerm modified mode [ 'deps/libiconv/lib/iso2022_jp.h', 420, 438 ]
600 silly gunzTarPerm extractEntry deps/libiconv/lib/iso2022_jp1.h
601 silly gunzTarPerm modified mode [ 'deps/libiconv/lib/iso2022_jp1.h', 420, 438 ]
602 silly gunzTarPerm extractEntry deps/libiconv/lib/iso2022_jp2.h
603 silly gunzTarPerm modified mode [ 'deps/libiconv/lib/iso2022_jp2.h', 420, 438 ]
604 silly gunzTarPerm extractEntry deps/libiconv/lib/iso2022_jp3.h
605 silly gunzTarPerm modified mode [ 'deps/libiconv/lib/iso2022_jp3.h', 420, 438 ]
606 silly gunzTarPerm extractEntry deps/libiconv/lib/iso2022_kr.h
607 silly gunzTarPerm modified mode [ 'deps/libiconv/lib/iso2022_kr.h', 420, 438 ]
608 silly gunzTarPerm extractEntry deps/libiconv/lib/iso646_cn.h
609 silly gunzTarPerm modified mode [ 'deps/libiconv/lib/iso646_cn.h', 420, 438 ]
610 silly gunzTarPerm extractEntry deps/libiconv/lib/iso646_jp.h
611 silly gunzTarPerm modified mode [ 'deps/libiconv/lib/iso646_jp.h', 420, 438 ]
612 silly gunzTarPerm extractEntry deps/libiconv/lib/iso8859_1.h
613 silly gunzTarPerm modified mode [ 'deps/libiconv/lib/iso8859_1.h', 420, 438 ]
614 silly gunzTarPerm extractEntry deps/libiconv/lib/iso8859_10.h
615 silly gunzTarPerm modified mode [ 'deps/libiconv/lib/iso8859_10.h', 420, 438 ]
616 silly gunzTarPerm extractEntry deps/libiconv/lib/iso8859_11.h
617 silly gunzTarPerm modified mode [ 'deps/libiconv/lib/iso8859_11.h', 420, 438 ]
618 silly gunzTarPerm extractEntry deps/libiconv/lib/iso8859_13.h
619 silly gunzTarPerm modified mode [ 'deps/libiconv/lib/iso8859_13.h', 420, 438 ]
620 silly gunzTarPerm extractEntry deps/libiconv/lib/iso8859_14.h
621 silly gunzTarPerm modified mode [ 'deps/libiconv/lib/iso8859_14.h', 420, 438 ]
622 silly gunzTarPerm extractEntry deps/libiconv/lib/iso8859_15.h
623 silly gunzTarPerm modified mode [ 'deps/libiconv/lib/iso8859_15.h', 420, 438 ]
624 silly gunzTarPerm extractEntry deps/libiconv/lib/iso8859_16.h
625 silly gunzTarPerm modified mode [ 'deps/libiconv/lib/iso8859_16.h', 420, 438 ]
626 silly gunzTarPerm extractEntry deps/libiconv/lib/iso8859_2.h
627 silly gunzTarPerm modified mode [ 'deps/libiconv/lib/iso8859_2.h', 420, 438 ]
628 silly gunzTarPerm extractEntry deps/libiconv/lib/iso8859_3.h
629 silly gunzTarPerm modified mode [ 'deps/libiconv/lib/iso8859_3.h', 420, 438 ]
630 silly gunzTarPerm extractEntry deps/libiconv/lib/iso8859_4.h
631 silly gunzTarPerm modified mode [ 'deps/libiconv/lib/iso8859_4.h', 420, 438 ]
632 silly gunzTarPerm extractEntry deps/libiconv/lib/iso8859_5.h
633 silly gunzTarPerm modified mode [ 'deps/libiconv/lib/iso8859_5.h', 420, 438 ]
634 silly gunzTarPerm extractEntry deps/libiconv/lib/iso8859_6.h
635 silly gunzTarPerm modified mode [ 'deps/libiconv/lib/iso8859_6.h', 420, 438 ]
636 silly gunzTarPerm extractEntry deps/libiconv/lib/iso8859_7.h
637 silly gunzTarPerm modified mode [ 'deps/libiconv/lib/iso8859_7.h', 420, 438 ]
638 silly gunzTarPerm extractEntry deps/libiconv/lib/iso8859_8.h
639 silly gunzTarPerm modified mode [ 'deps/libiconv/lib/iso8859_8.h', 420, 438 ]
640 silly gunzTarPerm extractEntry deps/libiconv/lib/iso8859_9.h
641 silly gunzTarPerm modified mode [ 'deps/libiconv/lib/iso8859_9.h', 420, 438 ]
642 silly gunzTarPerm extractEntry deps/libiconv/lib/isoir165.h
643 silly gunzTarPerm modified mode [ 'deps/libiconv/lib/isoir165.h', 420, 438 ]
644 silly gunzTarPerm extractEntry deps/libiconv/lib/isoir165ext.h
645 silly gunzTarPerm modified mode [ 'deps/libiconv/lib/isoir165ext.h', 420, 438 ]
646 silly gunzTarPerm extractEntry deps/libiconv/lib/java.h
647 silly gunzTarPerm modified mode [ 'deps/libiconv/lib/java.h', 420, 438 ]
648 silly gunzTarPerm extractEntry deps/libiconv/lib/jisx0201.h
649 silly gunzTarPerm modified mode [ 'deps/libiconv/lib/jisx0201.h', 420, 438 ]
650 silly gunzTarPerm extractEntry deps/libiconv/lib/jisx0208.h
651 silly gunzTarPerm modified mode [ 'deps/libiconv/lib/jisx0208.h', 420, 438 ]
652 silly gunzTarPerm extractEntry deps/libiconv/lib/jisx0212.h
653 silly gunzTarPerm modified mode [ 'deps/libiconv/lib/jisx0212.h', 420, 438 ]
654 silly gunzTarPerm extractEntry deps/libiconv/lib/jisx0213.h
655 silly gunzTarPerm modified mode [ 'deps/libiconv/lib/jisx0213.h', 420, 438 ]
656 silly gunzTarPerm extractEntry deps/libiconv/lib/johab.h
657 silly gunzTarPerm modified mode [ 'deps/libiconv/lib/johab.h', 420, 438 ]
658 silly gunzTarPerm extractEntry deps/libiconv/lib/johab_hangul.h
659 silly gunzTarPerm modified mode [ 'deps/libiconv/lib/johab_hangul.h', 420, 438 ]
660 silly gunzTarPerm extractEntry deps/libiconv/lib/koi8_r.h
661 silly gunzTarPerm modified mode [ 'deps/libiconv/lib/koi8_r.h', 420, 438 ]
662 silly gunzTarPerm extractEntry deps/libiconv/lib/koi8_ru.h
663 silly gunzTarPerm modified mode [ 'deps/libiconv/lib/koi8_ru.h', 420, 438 ]
664 silly gunzTarPerm extractEntry deps/libiconv/lib/koi8_t.h
665 silly gunzTarPerm modified mode [ 'deps/libiconv/lib/koi8_t.h', 420, 438 ]
666 silly gunzTarPerm extractEntry deps/libiconv/lib/koi8_u.h
667 silly gunzTarPerm modified mode [ 'deps/libiconv/lib/koi8_u.h', 420, 438 ]
668 silly gunzTarPerm extractEntry deps/libiconv/lib/ksc5601.h
669 silly gunzTarPerm modified mode [ 'deps/libiconv/lib/ksc5601.h', 420, 438 ]
670 silly gunzTarPerm extractEntry deps/libiconv/lib/loop_unicode.h
671 silly gunzTarPerm modified mode [ 'deps/libiconv/lib/loop_unicode.h', 420, 438 ]
672 silly gunzTarPerm extractEntry deps/libiconv/lib/loop_wchar.h
673 silly gunzTarPerm modified mode [ 'deps/libiconv/lib/loop_wchar.h', 420, 438 ]
674 silly gunzTarPerm extractEntry deps/libiconv/lib/loops.h
675 silly gunzTarPerm modified mode [ 'deps/libiconv/lib/loops.h', 420, 438 ]
676 silly gunzTarPerm extractEntry deps/libiconv/lib/mac_arabic.h
677 silly gunzTarPerm modified mode [ 'deps/libiconv/lib/mac_arabic.h', 420, 438 ]
678 silly gunzTarPerm extractEntry deps/libiconv/lib/mac_centraleurope.h
679 silly gunzTarPerm modified mode [ 'deps/libiconv/lib/mac_centraleurope.h', 420, 438 ]
680 silly gunzTarPerm extractEntry deps/libiconv/lib/mac_croatian.h
681 silly gunzTarPerm modified mode [ 'deps/libiconv/lib/mac_croatian.h', 420, 438 ]
682 silly gunzTarPerm extractEntry deps/libiconv/lib/mac_cyrillic.h
683 silly gunzTarPerm modified mode [ 'deps/libiconv/lib/mac_cyrillic.h', 420, 438 ]
684 silly gunzTarPerm extractEntry deps/libiconv/lib/mac_greek.h
685 silly gunzTarPerm modified mode [ 'deps/libiconv/lib/mac_greek.h', 420, 438 ]
686 silly gunzTarPerm extractEntry deps/libiconv/lib/mac_hebrew.h
687 silly gunzTarPerm modified mode [ 'deps/libiconv/lib/mac_hebrew.h', 420, 438 ]
688 silly gunzTarPerm extractEntry deps/libiconv/lib/mac_iceland.h
689 silly gunzTarPerm modified mode [ 'deps/libiconv/lib/mac_iceland.h', 420, 438 ]
690 silly gunzTarPerm extractEntry deps/libiconv/lib/mac_roman.h
691 silly gunzTarPerm modified mode [ 'deps/libiconv/lib/mac_roman.h', 420, 438 ]
692 silly gunzTarPerm extractEntry deps/libiconv/lib/mac_romania.h
693 silly gunzTarPerm modified mode [ 'deps/libiconv/lib/mac_romania.h', 420, 438 ]
694 silly gunzTarPerm extractEntry deps/libiconv/lib/mac_thai.h
695 silly gunzTarPerm modified mode [ 'deps/libiconv/lib/mac_thai.h', 420, 438 ]
696 silly gunzTarPerm extractEntry deps/libiconv/lib/mac_turkish.h
697 silly gunzTarPerm modified mode [ 'deps/libiconv/lib/mac_turkish.h', 420, 438 ]
698 silly gunzTarPerm extractEntry deps/libiconv/lib/mac_ukraine.h
699 silly gunzTarPerm modified mode [ 'deps/libiconv/lib/mac_ukraine.h', 420, 438 ]
700 silly gunzTarPerm extractEntry deps/libiconv/lib/mulelao.h
701 silly gunzTarPerm modified mode [ 'deps/libiconv/lib/mulelao.h', 420, 438 ]
702 silly gunzTarPerm extractEntry deps/libiconv/lib/nextstep.h
703 silly gunzTarPerm modified mode [ 'deps/libiconv/lib/nextstep.h', 420, 438 ]
704 silly gunzTarPerm extractEntry deps/libiconv/lib/pt154.h
705 silly gunzTarPerm modified mode [ 'deps/libiconv/lib/pt154.h', 420, 438 ]
706 silly gunzTarPerm extractEntry deps/libiconv/lib/relocatable.c
707 silly gunzTarPerm modified mode [ 'deps/libiconv/lib/relocatable.c', 420, 438 ]
708 silly gunzTarPerm extractEntry deps/libiconv/lib/relocatable.h
709 silly gunzTarPerm modified mode [ 'deps/libiconv/lib/relocatable.h', 420, 438 ]
710 silly gunzTarPerm extractEntry deps/libiconv/lib/riscos1.h
711 silly gunzTarPerm modified mode [ 'deps/libiconv/lib/riscos1.h', 420, 438 ]
712 silly gunzTarPerm extractEntry deps/libiconv/lib/rk1048.h
713 silly gunzTarPerm modified mode [ 'deps/libiconv/lib/rk1048.h', 420, 438 ]
714 silly gunzTarPerm extractEntry deps/libiconv/lib/shift_jisx0213.h
715 silly gunzTarPerm modified mode [ 'deps/libiconv/lib/shift_jisx0213.h', 420, 438 ]
716 silly gunzTarPerm extractEntry deps/libiconv/lib/sjis.h
717 silly gunzTarPerm modified mode [ 'deps/libiconv/lib/sjis.h', 420, 438 ]
718 silly gunzTarPerm extractEntry deps/libiconv/lib/tcvn.h
719 silly gunzTarPerm modified mode [ 'deps/libiconv/lib/tcvn.h', 420, 438 ]
720 silly gunzTarPerm extractEntry deps/libiconv/lib/tds565.h
721 silly gunzTarPerm modified mode [ 'deps/libiconv/lib/tds565.h', 420, 438 ]
722 silly gunzTarPerm extractEntry deps/libiconv/lib/tis620.h
723 silly gunzTarPerm modified mode [ 'deps/libiconv/lib/tis620.h', 420, 438 ]
724 silly gunzTarPerm extractEntry deps/libiconv/lib/translit.def
725 silly gunzTarPerm modified mode [ 'deps/libiconv/lib/translit.def', 420, 438 ]
726 silly gunzTarPerm extractEntry deps/libiconv/lib/translit.h
727 silly gunzTarPerm modified mode [ 'deps/libiconv/lib/translit.h', 420, 438 ]
728 silly gunzTarPerm extractEntry deps/libiconv/lib/ucs2.h
729 silly gunzTarPerm modified mode [ 'deps/libiconv/lib/ucs2.h', 420, 438 ]
730 silly gunzTarPerm extractEntry deps/libiconv/lib/ucs2be.h
731 silly gunzTarPerm modified mode [ 'deps/libiconv/lib/ucs2be.h', 420, 438 ]
732 silly gunzTarPerm extractEntry deps/libiconv/lib/ucs2internal.h
733 silly gunzTarPerm modified mode [ 'deps/libiconv/lib/ucs2internal.h', 420, 438 ]
734 silly gunzTarPerm extractEntry deps/libiconv/lib/ucs2le.h
735 silly gunzTarPerm modified mode [ 'deps/libiconv/lib/ucs2le.h', 420, 438 ]
736 silly gunzTarPerm extractEntry deps/libiconv/lib/ucs2swapped.h
737 silly gunzTarPerm modified mode [ 'deps/libiconv/lib/ucs2swapped.h', 420, 438 ]
738 silly gunzTarPerm extractEntry deps/libiconv/lib/ucs4.h
739 silly gunzTarPerm modified mode [ 'deps/libiconv/lib/ucs4.h', 420, 438 ]
740 silly gunzTarPerm extractEntry deps/libiconv/lib/ucs4be.h
741 silly gunzTarPerm modified mode [ 'deps/libiconv/lib/ucs4be.h', 420, 438 ]
742 silly gunzTarPerm extractEntry deps/libiconv/lib/ucs4internal.h
743 silly gunzTarPerm modified mode [ 'deps/libiconv/lib/ucs4internal.h', 420, 438 ]
744 silly gunzTarPerm extractEntry deps/libiconv/lib/ucs4le.h
745 silly gunzTarPerm modified mode [ 'deps/libiconv/lib/ucs4le.h', 420, 438 ]
746 silly gunzTarPerm extractEntry deps/libiconv/lib/ucs4swapped.h
747 silly gunzTarPerm modified mode [ 'deps/libiconv/lib/ucs4swapped.h', 420, 438 ]
748 silly gunzTarPerm extractEntry deps/libiconv/lib/uhc_1.h
749 silly gunzTarPerm modified mode [ 'deps/libiconv/lib/uhc_1.h', 420, 438 ]
750 silly gunzTarPerm extractEntry deps/libiconv/lib/uhc_2.h
751 silly gunzTarPerm modified mode [ 'deps/libiconv/lib/uhc_2.h', 420, 438 ]
752 silly gunzTarPerm extractEntry deps/libiconv/lib/utf16.h
753 silly gunzTarPerm modified mode [ 'deps/libiconv/lib/utf16.h', 420, 438 ]
754 silly gunzTarPerm extractEntry deps/libiconv/lib/utf16be.h
755 silly gunzTarPerm modified mode [ 'deps/libiconv/lib/utf16be.h', 420, 438 ]
756 silly gunzTarPerm extractEntry deps/libiconv/lib/utf16le.h
757 silly gunzTarPerm modified mode [ 'deps/libiconv/lib/utf16le.h', 420, 438 ]
758 silly gunzTarPerm extractEntry deps/libiconv/lib/utf32.h
759 silly gunzTarPerm modified mode [ 'deps/libiconv/lib/utf32.h', 420, 438 ]
760 silly gunzTarPerm extractEntry deps/libiconv/lib/utf32be.h
761 silly gunzTarPerm modified mode [ 'deps/libiconv/lib/utf32be.h', 420, 438 ]
762 silly gunzTarPerm extractEntry deps/libiconv/lib/utf32le.h
763 silly gunzTarPerm modified mode [ 'deps/libiconv/lib/utf32le.h', 420, 438 ]
764 silly gunzTarPerm extractEntry deps/libiconv/lib/utf7.h
765 silly gunzTarPerm modified mode [ 'deps/libiconv/lib/utf7.h', 420, 438 ]
766 silly gunzTarPerm extractEntry deps/libiconv/lib/utf8.h
767 silly gunzTarPerm modified mode [ 'deps/libiconv/lib/utf8.h', 420, 438 ]
768 silly gunzTarPerm extractEntry deps/libiconv/lib/vietcomb.h
769 silly gunzTarPerm modified mode [ 'deps/libiconv/lib/vietcomb.h', 420, 438 ]
770 silly gunzTarPerm extractEntry deps/libiconv/lib/viscii.h
771 silly gunzTarPerm modified mode [ 'deps/libiconv/lib/viscii.h', 420, 438 ]
772 silly gunzTarPerm extractEntry lib/iconv.js
773 silly gunzTarPerm modified mode [ 'lib/iconv.js', 420, 438 ]
774 silly gunzTarPerm extractEntry src/binding.cc
775 silly gunzTarPerm modified mode [ 'src/binding.cc', 420, 438 ]
776 silly gunzTarPerm extractEntry support/config.h
777 silly gunzTarPerm modified mode [ 'support/config.h', 420, 438 ]
778 silly gunzTarPerm extractEntry support/iconv.h
779 silly gunzTarPerm modified mode [ 'support/iconv.h', 420, 438 ]
780 silly gunzTarPerm extractEntry test/test-basic.js
781 silly gunzTarPerm modified mode [ 'test/test-basic.js', 420, 438 ]
782 silly gunzTarPerm extractEntry test/test-big-buffer.js
783 silly gunzTarPerm modified mode [ 'test/test-big-buffer.js', 420, 438 ]
784 silly gunzTarPerm extractEntry test/test-stream.js
785 silly gunzTarPerm modified mode [ 'test/test-stream.js', 420, 438 ]
786 silly gunzTarPerm extractEntry test/fixtures/lorem-ipsum.txt
787 silly gunzTarPerm modified mode [ 'test/fixtures/lorem-ipsum.txt', 420, 438 ]
788 silly gentlyRm D:\Programming\Brum4iSmen\node_modules\.staging\iconv-3c0eb88d\node_modules is being purged
789 verbose gentlyRm don't care about contents; nuking D:\Programming\Brum4iSmen\node_modules\.staging\iconv-3c0eb88d\node_modules
790 silly doParallel preinstall 2
791 silly preinstall nan@2.6.2 D:\Programming\Brum4iSmen\node_modules\.staging\nan-276845f1
792 info lifecycle nan@2.6.2~preinstall: nan@2.6.2
793 silly preinstall iconv@2.2.3 D:\Programming\Brum4iSmen\node_modules\.staging\iconv-3c0eb88d
794 info lifecycle iconv@2.2.3~preinstall: iconv@2.2.3
795 silly lifecycle nan@2.6.2~preinstall: no script for preinstall, continuing
796 silly lifecycle iconv@2.2.3~preinstall: no script for preinstall, continuing
797 silly doReverseSerial remove 0
798 silly doSerial move 0
799 silly doSerial finalize 2
800 silly finalize D:\Programming\Brum4iSmen\node_modules\nan
801 silly finalize D:\Programming\Brum4iSmen\node_modules\iconv
802 silly doSerial build 2
803 silly build nan@2.6.2
804 info linkStuff nan@2.6.2
805 silly linkStuff nan@2.6.2 has D:\Programming\Brum4iSmen\node_modules as its parent node_modules
806 verbose linkBins nan@2.6.2
807 verbose linkMans nan@2.6.2
808 silly build iconv@2.2.3
809 info linkStuff iconv@2.2.3
810 silly linkStuff iconv@2.2.3 has D:\Programming\Brum4iSmen\node_modules as its parent node_modules
811 verbose linkBins iconv@2.2.3
812 verbose linkMans iconv@2.2.3
813 silly doSerial global-link 0
814 silly doParallel update-linked 0
815 silly doSerial install 2
816 silly install nan@2.6.2 D:\Programming\Brum4iSmen\node_modules\.staging\nan-276845f1
817 info lifecycle nan@2.6.2~install: nan@2.6.2
818 silly lifecycle nan@2.6.2~install: no script for install, continuing
819 silly install iconv@2.2.3 D:\Programming\Brum4iSmen\node_modules\.staging\iconv-3c0eb88d
820 info lifecycle iconv@2.2.3~install: iconv@2.2.3
821 verbose lifecycle iconv@2.2.3~install: unsafe-perm in lifecycle true
822 verbose lifecycle iconv@2.2.3~install: PATH: C:\Program Files\nodejs\node_modules\npm\bin\node-gyp-bin;D:\Programming\Brum4iSmen\node_modules\iconv\node_modules\.bin;D:\Programming\Brum4iSmen\node_modules\.bin;C:\Program Files (x86)\Common Files\Intel\Shared Files\cpp\bin\Intel64;C:\Program Files (x86)\Razer Chroma SDK\bin;C:\Program Files\Razer Chroma SDK\bin;C:\ProgramData\Oracle\Java\javapath;C:\Windows\system32;C:\Windows;C:\Windows\System32\Wbem;C:\Windows\System32\WindowsPowerShell\v1.0\;C:\Users\Ayyavazhi\.dnx\bin;C:\Program Files\Microsoft DNX\Dnvm\;C:\Program Files\Microsoft SQL Server\120\Tools\Binn\;C:\Program Files\nodejs\;C:\Program Files (x86)\Windows Kits\8.1\Windows Performance Toolkit\;C:\Users\Ayyavazhi\AppData\Local\Microsoft\WindowsApps;C:\Users\Ayyavazhi\AppData\Local\atom\bin;C:\Program Files (x86)\Microsoft VS Code\bin;C:\Users\Ayyavazhi\AppData\Roaming\npm;"C:\Program Files\Git\bin";C:\Program Files (x86)\NVIDIA Corporation\PhysX\Common;C:\Program Files\Git\cmd;C:\Users\Ayyavazhi\AppData\Local\Microsoft\WindowsApps;C:\Users\Ayyavazhi\AppData\Local\atom\bin;C:\Program Files (x86)\Microsoft VS Code\bin;C:\Users\Ayyavazhi\AppData\Roaming\npm;"C:\Program Files\Git\bin";C:\Program Files\Heroku\bin
823 verbose lifecycle iconv@2.2.3~install: CWD: D:\Programming\Brum4iSmen\node_modules\iconv
824 silly lifecycle iconv@2.2.3~install: Args: [ '/d /s /c', 'node-gyp rebuild' ]
825 silly lifecycle iconv@2.2.3~install: Returned: code: 1  signal: null
826 info lifecycle iconv@2.2.3~install: Failed to exec install script
827 verbose unlock done using C:\Users\Ayyavazhi\AppData\Roaming\npm-cache\_locks\staging-1150c53edbaa03c0.lock for D:\Programming\Brum4iSmen\node_modules\.staging
828 silly rollbackFailedOptional Starting
829 silly rollbackFailedOptional Finishing
830 silly runTopLevelLifecycles Finishing
831 silly install printInstalled
832 warn optional SKIPPING OPTIONAL DEPENDENCY: fsevents@^1.0.0 (node_modules\chokidar\node_modules\fsevents):
833 warn notsup SKIPPING OPTIONAL DEPENDENCY: Unsupported platform for fsevents@1.1.1: wanted {"os":"darwin","arch":"any"} (current: {"os":"win32","arch":"x64"})
834 verbose notsup SKIPPING OPTIONAL DEPENDENCY: Valid OS:    darwin
834 verbose notsup SKIPPING OPTIONAL DEPENDENCY: Valid Arch:  any
834 verbose notsup SKIPPING OPTIONAL DEPENDENCY: Actual OS:   win32
834 verbose notsup SKIPPING OPTIONAL DEPENDENCY: Actual Arch: x64
835 verbose stack Error: iconv@2.2.3 install: `node-gyp rebuild`
835 verbose stack Exit status 1
835 verbose stack     at EventEmitter.<anonymous> (C:\Program Files\nodejs\node_modules\npm\lib\utils\lifecycle.js:255:16)
835 verbose stack     at emitTwo (events.js:106:13)
835 verbose stack     at EventEmitter.emit (events.js:191:7)
835 verbose stack     at ChildProcess.<anonymous> (C:\Program Files\nodejs\node_modules\npm\lib\utils\spawn.js:40:14)
835 verbose stack     at emitTwo (events.js:106:13)
835 verbose stack     at ChildProcess.emit (events.js:191:7)
835 verbose stack     at maybeClose (internal/child_process.js:877:16)
835 verbose stack     at Process.ChildProcess._handle.onexit (internal/child_process.js:226:5)
836 verbose pkgid iconv@2.2.3
837 verbose cwd D:\Programming\Brum4iSmen
838 error Windows_NT 10.0.14393
839 error argv "C:\\Program Files\\nodejs\\node.exe" "C:\\Program Files\\nodejs\\node_modules\\npm\\bin\\npm-cli.js" "install" "iconv" "--save"
840 error node v6.9.5
841 error npm  v3.10.10
842 error code ELIFECYCLE
843 error iconv@2.2.3 install: `node-gyp rebuild`
843 error Exit status 1
844 error Failed at the iconv@2.2.3 install script 'node-gyp rebuild'.
844 error Make sure you have the latest version of node.js and npm installed.
844 error If you do, this is most likely a problem with the iconv package,
844 error not with npm itself.
844 error Tell the author that this fails on your system:
844 error     node-gyp rebuild
844 error You can get information on how to open an issue for this project with:
844 error     npm bugs iconv
844 error Or if that isn't available, you can get their info via:
844 error     npm owner ls iconv
844 error There is likely additional logging output above.
845 verbose exit [ 1, true ]
